<?xml version="1.0" encoding="UTF-8"?>
<!-- Generated by org.testng.reporters.JUnitXMLReporter -->
<testsuite ignored="6" hostname="LAPTOP-IH7D7O72" failures="0" tests="26" name="ChromeTest" time="50.44" errors="0" timestamp="2022-07-30T22:27:09 IST">
  <testcase classname="testCases.Login" name="validateLoginWithPasswordAlone" time="1.101"/>
  <testcase classname="testCases.Login" name="validateLoginWithUserNameAlone" time="0.763"/>
  <testcase classname="testCases.Login" name="validateLoginWithCorrectUserNameAndPassword" time="2.32"/>
  <testcase classname="testCases.Login" name="validateRememberMebuttonBeforeClick" time="0.267"/>
  <testcase classname="testCases.Login" name="validateRememberMebuttonAfterClick" time="0.408"/>
  <testcase classname="testCases.Login" name="validateLoginWithInvalidUserName" time="1.231"/>
  <testcase classname="testCases.Login" name="validateLoginWithInvalidPassword" time="0.991"/>
  <testcase classname="testCases.ManagePages" name="validateManagePagesSearchOptionWithPageName" time="4.362"/>
  <testcase classname="testCases.ManagePages" name="validateTextBoxesinAddNewPageOption" time="1.733"/>
  <testcase classname="testCases.ManagePages" name="validateUploadImagesinAddNewPageOption" time="0.371"/>
  <testcase classname="testCases.ManagePages" name="validateDeleteButton" time="0.654"/>
  <testcase classname="testCases.ManagePages" name="validateAddNewPageOption" time="3.944"/>
  <testcase classname="testCases.AdminUsers" name="validateAddNewPageOption" time="3.872"/>
  <testcase classname="testCases.AdminUsers" name="validateDeletePageOption" time="0.552"/>
  <testcase classname="testCases.AdminUsers" name="validateLockPageButtonIsClickable" time="0.652"/>
  <testcase classname="testCases.AdminUsers" name="validateUnLockPageButtonIsClickable" time="0.899"/>
  <testcase classname="testCases.AdminUsers" name="validateActiveButtonIsClickable" time="0.898"/>
  <testcase classname="testCases.AdminUsers" name="validateInActiveButtonIsClickable" time="0.541"/>
  <testcase classname="testCases.ManagedeliveryBoy" name="validateAddNewDeliveryBoy" time="4.924"/>
  <testcase classname="testCases.ManagedeliveryBoy" name="validateSearchDeliveryBoyWithValidName" time="1.194"/>
  <testcase classname="testCases.ManagedeliveryBoy" name="validateSearchDeliveryBoyWithValidPhoneNumber" time="1.295"/>
  <testcase classname="testCases.ManagedeliveryBoy" name="validateSearchDeliveryBoyWithValidEmail" time="1.18"/>
  <testcase classname="testCases.ManagedeliveryBoy" name="validateSearchDeliveryBoyWithInvalidName" time="1.059"/>
  <testcase classname="testCases.ManagedeliveryBoy" name="validateSearchDeliveryBoyWithInvalidPhoneNumber" time="0.969"/>
  <testcase classname="testCases.ManagedeliveryBoy" name="validateSearchDeliveryBoyWithInvalidEmail" time="1.033"/>
  <testcase classname="testCases.ManagedeliveryBoy" name="validateDeleteDeliveryBoy" time="0.649"/>
  <testcase classname="testCases.BaseClass" name="@BeforeTest beforeTest" time="0.0">
    <ignored/>
  </testcase> <!-- @BeforeTest beforeTest -->
  <testcase classname="testCases.BaseClass" name="@AfterTest afterTest" time="0.0">
    <ignored/>
  </testcase> <!-- @AfterTest afterTest -->
  <testcase classname="testCases.BaseClass" name="@BeforeTest beforeTest" time="0.0">
    <ignored/>
  </testcase> <!-- @BeforeTest beforeTest -->
  <testcase classname="testCases.BaseClass" name="@BeforeTest beforeTest" time="0.0">
    <ignored/>
  </testcase> <!-- @BeforeTest beforeTest -->
  <testcase classname="testCases.BaseClass" name="@AfterTest afterTest" time="0.0">
    <ignored/>
  </testcase> <!-- @AfterTest afterTest -->
  <testcase classname="testCases.BaseClass" name="@AfterTest afterTest" time="0.0">
    <ignored/>
  </testcase> <!-- @AfterTest afterTest -->
</testsuite> <!-- ChromeTest -->
