<?xml version="1.0" encoding="UTF-8"?>
<!-- Generated by org.testng.reporters.JUnitXMLReporter -->
<testsuite ignored="4" hostname="LAPTOP-IH7D7O72" failures="0" tests="8" name="ChromeTest" time="18.855" errors="0" timestamp="2022-07-25T07:55:53 IST">
  <testcase classname="testCases.Login" name="validateLoginWithPasswordAlone" time="0.963"/>
  <testcase classname="testCases.Login" name="validateLoginWithUserNameAlone" time="0.679"/>
  <testcase classname="testCases.Login" name="validateLoginWithCorrectUserNameAndPassword" time="2.155"/>
  <testcase classname="testCases.Login" name="validateRememberMebuttonBeforeClick" time="0.184"/>
  <testcase classname="testCases.Login" name="validateRememberMebuttonAfterClick" time="0.2"/>
  <testcase classname="testCases.Login" name="ValidateLoginWithInvalidUserNameAndPassword" time="0.819"/>
  <testcase classname="testCases.ManagePages" name="validateManagePagesSearchOptionWithPageName" time="2.571"/>
  <testcase classname="testCases.AdminUsers" name="validateNewOption" time="1.684"/>
  <testcase classname="testCases.BaseClass" name="@AfterTest afterTest" time="0.0">
    <ignored/>
  </testcase> <!-- @AfterTest afterTest -->
  <testcase classname="testCases.BaseClass" name="@BeforeTest beforeTest" time="0.0">
    <ignored/>
  </testcase> <!-- @BeforeTest beforeTest -->
  <testcase classname="testCases.BaseClass" name="@AfterTest afterTest" time="0.0">
    <ignored/>
  </testcase> <!-- @AfterTest afterTest -->
  <testcase classname="testCases.BaseClass" name="@BeforeTest beforeTest" time="0.0">
    <ignored/>
  </testcase> <!-- @BeforeTest beforeTest -->
</testsuite> <!-- ChromeTest -->
