<?xml version="1.0" encoding="UTF-8"?>
<!-- Generated by org.testng.reporters.JUnitXMLReporter -->
<testsuite ignored="4" hostname="LAPTOP-IH7D7O72" failures="0" tests="1" name="Default test" time="8.644" errors="0" timestamp="2022-08-02T22:01:12 IST">
  <testcase classname="TestNG_sessions.Project" name="test3" time="5.116"/>
  <testcase classname="TestNG_sessions.Project" name="test2" time="0.0">
    <ignored/>
  </testcase> <!-- test2 -->
  <testcase classname="TestNG_sessions.Project" name="test3" time="0.0">
    <ignored/>
  </testcase> <!-- test3 -->
  <testcase classname="TestNG_sessions.Project" name="test" time="0.0">
    <ignored/>
  </testcase> <!-- test -->
  <testcase classname="TestNG_sessions.Project" name="testttt" time="0.0">
    <ignored/>
  </testcase> <!-- testttt -->
</testsuite> <!-- Default test -->
