<?xml version="1.0" encoding="UTF-8"?>
<!-- Generated by org.testng.reporters.JUnitXMLReporter -->
<testsuite ignored="3" hostname="LAPTOP-IH7D7O72" failures="0" tests="1" name="Default test" time="12.127" errors="0" timestamp="2022-07-30T22:20:29 IST">
  <testcase classname="TestNG_sessions.Project" name="test" time="6.981"/>
  <testcase classname="TestNG_sessions.Project" name="test2" time="0.0">
    <ignored/>
  </testcase> <!-- test2 -->
  <testcase classname="TestNG_sessions.Project" name="test3" time="0.0">
    <ignored/>
  </testcase> <!-- test3 -->
  <testcase classname="TestNG_sessions.Project" name="test3" time="0.0">
    <ignored/>
  </testcase> <!-- test3 -->
</testsuite> <!-- Default test -->
