<?xml version="1.0" encoding="UTF-8"?>
<!-- Generated by org.testng.reporters.JUnitXMLReporter -->
<testsuite ignored="7" hostname="LAPTOP-IH7D7O72" failures="0" tests="18" name="ChromeTest" time="32.023" errors="0" timestamp="2022-07-27T22:45:38 IST">
  <testcase classname="testCases.Login" name="validateLoginWithPasswordAlone" time="1.076"/>
  <testcase classname="testCases.Login" name="validateLoginWithUserNameAlone" time="0.648"/>
  <testcase classname="testCases.Login" name="validateLoginWithCorrectUserNameAndPassword" time="2.102"/>
  <testcase classname="testCases.Login" name="validateRememberMebuttonBeforeClick" time="0.236"/>
  <testcase classname="testCases.Login" name="validateRememberMebuttonAfterClick" time="0.326"/>
  <testcase classname="testCases.Login" name="validateLoginWithInvalidUserName" time="0.839"/>
  <testcase classname="testCases.Login" name="validateLoginWithInvalidPassword" time="0.896"/>
  <testcase classname="testCases.ManagePages" name="validateManagePagesSearchOptionWithPageName" time="3.685"/>
  <testcase classname="testCases.ManagePages" name="validateTextBoxesinAddNewPageOption" time="1.305"/>
  <testcase classname="testCases.ManagePages" name="validateUploadImagesinAddNewPageOption" time="0.389"/>
  <testcase classname="testCases.ManagePages" name="validateDeleteButton" time="0.479"/>
  <testcase classname="testCases.AdminUsers" name="validateAddNewPageOption" time="3.379"/>
  <testcase classname="testCases.AdminUsers" name="validateDeletePageOption" time="0.578"/>
  <testcase classname="testCases.AdminUsers" name="validateLockPageButtonIsClickable" time="0.596"/>
  <testcase classname="testCases.AdminUsers" name="validateUnLockPageButtonIsClickable" time="0.371"/>
  <testcase classname="testCases.AdminUsers" name="validateActiveButtonIsClickable" time="0.499"/>
  <testcase classname="testCases.AdminUsers" name="validateInActiveButtonIsClickable" time="0.616"/>
  <testcase classname="testCases.DashBoard" name="validate" time="1.072"/>
  <testcase classname="testCases.BaseClass" name="@AfterTest afterTest" time="0.0">
    <ignored/>
  </testcase> <!-- @AfterTest afterTest -->
  <testcase classname="testCases.ManagePages" name="validateTextBoxesOfAddNewPageOption" time="0.0">
    <ignored/>
  </testcase> <!-- validateTextBoxesOfAddNewPageOption -->
  <testcase classname="testCases.BaseClass" name="@BeforeTest beforeTest" time="0.0">
    <ignored/>
  </testcase> <!-- @BeforeTest beforeTest -->
  <testcase classname="testCases.BaseClass" name="@AfterTest afterTest" time="0.0">
    <ignored/>
  </testcase> <!-- @AfterTest afterTest -->
  <testcase classname="testCases.BaseClass" name="@BeforeTest beforeTest" time="0.0">
    <ignored/>
  </testcase> <!-- @BeforeTest beforeTest -->
  <testcase classname="testCases.BaseClass" name="@BeforeTest beforeTest" time="0.0">
    <ignored/>
  </testcase> <!-- @BeforeTest beforeTest -->
  <testcase classname="testCases.BaseClass" name="@AfterTest afterTest" time="0.0">
    <ignored/>
  </testcase> <!-- @AfterTest afterTest -->
</testsuite> <!-- ChromeTest -->
