<?xml version="1.0" encoding="UTF-8"?>
<!-- Generated by org.testng.reporters.JUnitXMLReporter -->
<testsuite ignored="5" hostname="LAPTOP-IH7D7O72" failures="0" tests="37" name="EdgeTest" time="121.484" errors="0" timestamp="2022-08-09T10:10:52 IST">
  <testcase classname="testCases.Login" name="validateLoginWithPasswordAlone" time="0.408"/>
  <testcase classname="testCases.Login" name="validateLoginWithUserNameAlone" time="0.619"/>
  <testcase classname="testCases.Login" name="validateLoginWithCorrectUserNameAndPassword" time="2.686"/>
  <testcase classname="testCases.Login" name="validateRememberMebuttonBeforeClick" time="0.159"/>
  <testcase classname="testCases.Login" name="validateRememberMebuttonAfterClick" time="0.31"/>
  <testcase classname="testCases.Login" name="validateLoginWithInvalidUserName" time="0.7"/>
  <testcase classname="testCases.Login" name="validateLoginWithInvalidPassword" time="0.786"/>
  <testcase classname="testCases.ManagePages" name="validateManagePagesSearchOptionWithPageName" time="3.639"/>
  <testcase classname="testCases.ManagePages" name="validateTextBoxesinAddNewPageOption" time="1.275"/>
  <testcase classname="testCases.ManagePages" name="validateUploadImagesinAddNewPageOption" time="0.42"/>
  <testcase classname="testCases.ManagePages" name="validateDeleteButton" time="0.497"/>
  <testcase classname="testCases.ManagePages" name="validateAddNewPageOption" time="7.733"/>
  <testcase classname="testCases.AdminUsers" name="validateAddNewPageOption" time="3.544"/>
  <testcase classname="testCases.AdminUsers" name="validateDeletePageOption" time="0.593"/>
  <testcase classname="testCases.AdminUsers" name="validateLockPageButtonIsClickable" time="0.526"/>
  <testcase classname="testCases.AdminUsers" name="validateUnLockPageButtonIsClickable" time="0.568"/>
  <testcase classname="testCases.AdminUsers" name="validateActiveButtonIsClickable" time="0.586"/>
  <testcase classname="testCases.AdminUsers" name="validateInActiveButtonIsClickable" time="0.541"/>
  <testcase classname="testCases.AdminUsers" name="validateUpdateButton" time="1.566"/>
  <testcase classname="testCases.DashBoard" name="validateAddExpenseCategory" time="2.878"/>
  <testcase classname="testCases.DashBoard" name="validateUpdateExpenseCategory" time="1.036"/>
  <testcase classname="testCases.DashBoard" name="validateDeleteExpenseCategory" time="0.365"/>
  <testcase classname="testCases.ManagedeliveryBoy" name="validateAddNewDeliveryBoy" time="3.899"/>
  <testcase classname="testCases.ManagedeliveryBoy" name="validateSearchDeliveryBoyWithValidName" time="1.076"/>
  <testcase classname="testCases.ManagedeliveryBoy" name="validateSearchDeliveryBoyWithValidPhoneNumber" time="0.913"/>
  <testcase classname="testCases.ManagedeliveryBoy" name="validateSearchDeliveryBoyWithValidEmail" time="0.84"/>
  <testcase classname="testCases.ManagedeliveryBoy" name="validateSearchDeliveryBoyWithInvalidName" time="0.869"/>
  <testcase classname="testCases.ManagedeliveryBoy" name="validateSearchDeliveryBoyWithInvalidPhoneNumber" time="0.783"/>
  <testcase classname="testCases.ManagedeliveryBoy" name="validateSearchDeliveryBoyWithInvalidEmail" time="0.831"/>
  <testcase classname="testCases.ManagedeliveryBoy" name="validateUpdateDeliveryBoy" time="1.288"/>
  <testcase classname="testCases.ManagedeliveryBoy" name="validateActiveButtonStatusOfDeliveryBoy" time="0.073"/>
  <testcase classname="testCases.ManagedeliveryBoy" name="validateDeleteDeliveryBoy" time="0.516"/>
  <testcase classname="testCases.ManageLocations" name="validateAddNewLocation" time="4.034"/>
  <testcase classname="testCases.ManageLocations" name="validateSearchWithCountryAndLocation" time="0.522"/>
  <testcase classname="testCases.ManageLocations" name="validateSearchWithCountryAlone" time="0.467"/>
  <testcase classname="testCases.ManageLocations" name="validateDeleteLocation" time="0.464"/>
  <testcase classname="testCases.ManageLocations" name="validateActiveButtonStatus" time="0.059"/>
  <testcase classname="testCases.BaseClass" name="@AfterTest afterTest" time="0.0">
    <ignored/>
  </testcase> <!-- @AfterTest afterTest -->
  <testcase classname="testCases.BaseClass" name="@AfterTest afterTest" time="0.0">
    <ignored/>
  </testcase> <!-- @AfterTest afterTest -->
  <testcase classname="testCases.BaseClass" name="@AfterTest afterTest" time="0.0">
    <ignored/>
  </testcase> <!-- @AfterTest afterTest -->
  <testcase classname="testCases.BaseClass" name="@AfterTest afterTest" time="0.0">
    <ignored/>
  </testcase> <!-- @AfterTest afterTest -->
  <testcase classname="testCases.BaseClass" name="@AfterTest afterTest" time="0.0">
    <ignored/>
  </testcase> <!-- @AfterTest afterTest -->
</testsuite> <!-- EdgeTest -->
