<?xml version="1.0" encoding="UTF-8"?>
<!-- Generated by org.testng.reporters.JUnitXMLReporter -->
<testsuite ignored="37" hostname="LAPTOP-IH7D7O72" failures="0" tests="5" name="Test" time="9.13" errors="0" timestamp="2022-08-09T14:44:04 IST">
  <testcase classname="testCases.Login" name="validateLoginWithPasswordAlone" time="0.909"/>
  <testcase classname="testCases.Login" name="validateLoginWithUserNameAlone" time="0.977"/>
  <testcase classname="testCases.Login" name="validateLoginWithCorrectUserNameAndPassword" time="2.089"/>
  <testcase classname="testCases.Login" name="validateLoginWithInvalidUserName" time="0.672"/>
  <testcase classname="testCases.Login" name="validateLoginWithInvalidPassword" time="0.565"/>
  <testcase classname="testCases.ManagedeliveryBoy" name="validateSearchDeliveryBoyWithValidEmail" time="0.0">
    <ignored/>
  </testcase> <!-- validateSearchDeliveryBoyWithValidEmail -->
  <testcase classname="testCases.BaseClass" name="@AfterTest afterTest" time="0.0">
    <ignored/>
  </testcase> <!-- @AfterTest afterTest -->
  <testcase classname="testCases.ManagedeliveryBoy" name="validateSearchDeliveryBoyWithInvalidEmail" time="0.0">
    <ignored/>
  </testcase> <!-- validateSearchDeliveryBoyWithInvalidEmail -->
  <testcase classname="testCases.ManagedeliveryBoy" name="validateActiveButtonStatusOfDeliveryBoy" time="0.0">
    <ignored/>
  </testcase> <!-- validateActiveButtonStatusOfDeliveryBoy -->
  <testcase classname="testCases.ManagedeliveryBoy" name="validateUpdateDeliveryBoy" time="0.0">
    <ignored/>
  </testcase> <!-- validateUpdateDeliveryBoy -->
  <testcase classname="testCases.AdminUsers" name="validateActiveButtonIsClickable" time="0.0">
    <ignored/>
  </testcase> <!-- validateActiveButtonIsClickable -->
  <testcase classname="testCases.AdminUsers" name="validateInActiveButtonIsClickable" time="0.0">
    <ignored/>
  </testcase> <!-- validateInActiveButtonIsClickable -->
  <testcase classname="testCases.ManagePages" name="validateAddNewPageOption" time="0.0">
    <ignored/>
  </testcase> <!-- validateAddNewPageOption -->
  <testcase classname="testCases.ManagedeliveryBoy" name="validateSearchDeliveryBoyWithValidPhoneNumber" time="0.0">
    <ignored/>
  </testcase> <!-- validateSearchDeliveryBoyWithValidPhoneNumber -->
  <testcase classname="testCases.BaseClass" name="@AfterTest afterTest" time="0.0">
    <ignored/>
  </testcase> <!-- @AfterTest afterTest -->
  <testcase classname="testCases.ManagedeliveryBoy" name="validateSearchDeliveryBoyWithInvalidName" time="0.0">
    <ignored/>
  </testcase> <!-- validateSearchDeliveryBoyWithInvalidName -->
  <testcase classname="testCases.ManageLocations" name="validateAddNewLocation" time="0.0">
    <ignored/>
  </testcase> <!-- validateAddNewLocation -->
  <testcase classname="testCases.ManagePages" name="validateManagePagesSearchOptionWithPageName" time="0.0">
    <ignored/>
  </testcase> <!-- validateManagePagesSearchOptionWithPageName -->
  <testcase classname="testCases.DashBoard" name="validateUpdateExpenseCategory" time="0.0">
    <ignored/>
  </testcase> <!-- validateUpdateExpenseCategory -->
  <testcase classname="testCases.ManageLocations" name="validateDeleteLocation" time="0.0">
    <ignored/>
  </testcase> <!-- validateDeleteLocation -->
  <testcase classname="testCases.ManagedeliveryBoy" name="validateSearchDeliveryBoyWithInvalidPhoneNumber" time="0.0">
    <ignored/>
  </testcase> <!-- validateSearchDeliveryBoyWithInvalidPhoneNumber -->
  <testcase classname="testCases.ManageLocations" name="validateSearchWithCountryAndLocation" time="0.0">
    <ignored/>
  </testcase> <!-- validateSearchWithCountryAndLocation -->
  <testcase classname="testCases.ManageLocations" name="validateActiveButtonStatus" time="0.0">
    <ignored/>
  </testcase> <!-- validateActiveButtonStatus -->
  <testcase classname="testCases.ManagedeliveryBoy" name="validateSearchDeliveryBoyWithValidName" time="0.0">
    <ignored/>
  </testcase> <!-- validateSearchDeliveryBoyWithValidName -->
  <testcase classname="testCases.ManagedeliveryBoy" name="validateAddNewDeliveryBoy" time="0.0">
    <ignored/>
  </testcase> <!-- validateAddNewDeliveryBoy -->
  <testcase classname="testCases.AdminUsers" name="validateUnLockPageButtonIsClickable" time="0.0">
    <ignored/>
  </testcase> <!-- validateUnLockPageButtonIsClickable -->
  <testcase classname="testCases.ManagePages" name="validateDeleteButton" time="0.0">
    <ignored/>
  </testcase> <!-- validateDeleteButton -->
  <testcase classname="testCases.AdminUsers" name="validateAddNewPageOption" time="0.0">
    <ignored/>
  </testcase> <!-- validateAddNewPageOption -->
  <testcase classname="testCases.ManageLocations" name="validateSearchWithCountryAlone" time="0.0">
    <ignored/>
  </testcase> <!-- validateSearchWithCountryAlone -->
  <testcase classname="testCases.AdminUsers" name="validateLockPageButtonIsClickable" time="0.0">
    <ignored/>
  </testcase> <!-- validateLockPageButtonIsClickable -->
  <testcase classname="testCases.ManagedeliveryBoy" name="validateDeleteDeliveryBoy" time="0.0">
    <ignored/>
  </testcase> <!-- validateDeleteDeliveryBoy -->
  <testcase classname="testCases.ManagePages" name="validateUploadImagesinAddNewPageOption" time="0.0">
    <ignored/>
  </testcase> <!-- validateUploadImagesinAddNewPageOption -->
  <testcase classname="testCases.BaseClass" name="@AfterTest afterTest" time="0.0">
    <ignored/>
  </testcase> <!-- @AfterTest afterTest -->
  <testcase classname="testCases.AdminUsers" name="validateDeletePageOption" time="0.0">
    <ignored/>
  </testcase> <!-- validateDeletePageOption -->
  <testcase classname="testCases.BaseClass" name="@AfterTest afterTest" time="0.0">
    <ignored/>
  </testcase> <!-- @AfterTest afterTest -->
  <testcase classname="testCases.DashBoard" name="validateAddExpenseCategory" time="0.0">
    <ignored/>
  </testcase> <!-- validateAddExpenseCategory -->
  <testcase classname="testCases.Login" name="validateRememberMebuttonBeforeClick" time="0.0">
    <ignored/>
  </testcase> <!-- validateRememberMebuttonBeforeClick -->
  <testcase classname="testCases.Login" name="validateRememberMebuttonAfterClick" time="0.0">
    <ignored/>
  </testcase> <!-- validateRememberMebuttonAfterClick -->
  <testcase classname="testCases.DashBoard" name="validateDeleteExpenseCategory" time="0.0">
    <ignored/>
  </testcase> <!-- validateDeleteExpenseCategory -->
  <testcase classname="testCases.AdminUsers" name="validateUpdateButton" time="0.0">
    <ignored/>
  </testcase> <!-- validateUpdateButton -->
  <testcase classname="testCases.BaseClass" name="@AfterTest afterTest" time="0.0">
    <ignored/>
  </testcase> <!-- @AfterTest afterTest -->
  <testcase classname="testCases.ManagePages" name="validateTextBoxesinAddNewPageOption" time="0.0">
    <ignored/>
  </testcase> <!-- validateTextBoxesinAddNewPageOption -->
</testsuite> <!-- Test -->
