<?xml version="1.0" encoding="UTF-8"?>
<testng-results ignored="37" total="42" passed="5" failed="0" skipped="0">
  <reporter-output>
  </reporter-output>
  <suite started-at="2022-08-09T14:43:55 IST" name="Suite" finished-at="2022-08-09T14:44:04 IST" duration-ms="9130">
    <groups>
      <group name="regression">
        <method signature="Login.validateLoginWithPasswordAlone()[pri:1, instance:testCases.Login@18271936]" name="validateLoginWithPasswordAlone" class="testCases.Login"/>
        <method signature="Login.validateLoginWithUserNameAlone()[pri:2, instance:testCases.Login@18271936]" name="validateLoginWithUserNameAlone" class="testCases.Login"/>
        <method signature="Login.validateLoginWithCorrectUserNameAndPassword()[pri:3, instance:testCases.Login@18271936]" name="validateLoginWithCorrectUserNameAndPassword" class="testCases.Login"/>
        <method signature="Login.validateLoginWithInvalidUserName()[pri:6, instance:testCases.Login@18271936]" name="validateLoginWithInvalidUserName" class="testCases.Login"/>
        <method signature="Login.validateLoginWithInvalidPassword()[pri:7, instance:testCases.Login@18271936]" name="validateLoginWithInvalidPassword" class="testCases.Login"/>
      </group> <!-- regression -->
      <group name="sanity">
        <method signature="Login.validateLoginWithPasswordAlone()[pri:1, instance:testCases.Login@18271936]" name="validateLoginWithPasswordAlone" class="testCases.Login"/>
        <method signature="Login.validateLoginWithUserNameAlone()[pri:2, instance:testCases.Login@18271936]" name="validateLoginWithUserNameAlone" class="testCases.Login"/>
        <method signature="Login.validateLoginWithCorrectUserNameAndPassword()[pri:3, instance:testCases.Login@18271936]" name="validateLoginWithCorrectUserNameAndPassword" class="testCases.Login"/>
        <method signature="Login.validateLoginWithInvalidUserName()[pri:6, instance:testCases.Login@18271936]" name="validateLoginWithInvalidUserName" class="testCases.Login"/>
        <method signature="Login.validateLoginWithInvalidPassword()[pri:7, instance:testCases.Login@18271936]" name="validateLoginWithInvalidPassword" class="testCases.Login"/>
      </group> <!-- sanity -->
    </groups>
    <test started-at="2022-08-09T14:43:55 IST" name="Test" finished-at="2022-08-09T14:44:04 IST" duration-ms="9130">
      <class name="testCases.Login">
        <test-method is-config="true" signature="beforeClass(java.lang.String)[pri:0, instance:testCases.Login@18271936]" started-at="2022-08-09T14:43:55 IST" name="beforeClass" finished-at="2022-08-09T14:43:58 IST" duration-ms="3492" status="PASS">
          <params>
            <param index="0">
              <value>
                <![CDATA[chrome]]>
              </value>
            </param>
          </params>
          <reporter-output>
          </reporter-output>
        </test-method> <!-- beforeClass -->
        <test-method signature="validateLoginWithPasswordAlone()[pri:1, instance:testCases.Login@18271936]" started-at="2022-08-09T14:43:58 IST" name="validateLoginWithPasswordAlone" finished-at="2022-08-09T14:43:59 IST" duration-ms="909" status="PASS">
          <reporter-output>
          </reporter-output>
        </test-method> <!-- validateLoginWithPasswordAlone -->
        <test-method signature="validateLoginWithUserNameAlone()[pri:2, instance:testCases.Login@18271936]" started-at="2022-08-09T14:43:59 IST" name="validateLoginWithUserNameAlone" finished-at="2022-08-09T14:44:00 IST" duration-ms="977" status="PASS">
          <reporter-output>
          </reporter-output>
        </test-method> <!-- validateLoginWithUserNameAlone -->
        <test-method signature="validateLoginWithCorrectUserNameAndPassword()[pri:3, instance:testCases.Login@18271936]" started-at="2022-08-09T14:44:00 IST" name="validateLoginWithCorrectUserNameAndPassword" finished-at="2022-08-09T14:44:02 IST" duration-ms="2089" status="PASS">
          <reporter-output>
          </reporter-output>
        </test-method> <!-- validateLoginWithCorrectUserNameAndPassword -->
        <test-method signature="validateLoginWithInvalidUserName()[pri:6, instance:testCases.Login@18271936]" started-at="2022-08-09T14:44:02 IST" name="validateLoginWithInvalidUserName" finished-at="2022-08-09T14:44:03 IST" duration-ms="672" status="PASS">
          <reporter-output>
          </reporter-output>
        </test-method> <!-- validateLoginWithInvalidUserName -->
        <test-method signature="validateLoginWithInvalidPassword()[pri:7, instance:testCases.Login@18271936]" started-at="2022-08-09T14:44:03 IST" name="validateLoginWithInvalidPassword" finished-at="2022-08-09T14:44:04 IST" duration-ms="565" status="PASS">
          <reporter-output>
          </reporter-output>
        </test-method> <!-- validateLoginWithInvalidPassword -->
        <test-method is-config="true" signature="afterClass()[pri:0, instance:testCases.Login@18271936]" started-at="2022-08-09T14:44:04 IST" name="afterClass" finished-at="2022-08-09T14:44:04 IST" duration-ms="251" status="PASS">
          <reporter-output>
          </reporter-output>
        </test-method> <!-- afterClass -->
        <test-method is-config="true" signature="afterTest()[pri:0, instance:testCases.Login@18271936]" started-at="2022-08-09T14:44:04 IST" name="afterTest" finished-at="2022-08-09T14:44:04 IST" duration-ms="111" status="PASS">
          <reporter-output>
          </reporter-output>
        </test-method> <!-- afterTest -->
      </class> <!-- testCases.Login -->
    </test> <!-- Test -->
  </suite> <!-- Suite -->
</testng-results>
