<?xml version="1.0" encoding="UTF-8"?>
<testng-results ignored="7" total="25" passed="18" failed="0" skipped="0">
  <reporter-output>
  </reporter-output>
  <suite started-at="2022-07-27T22:45:06 IST" name="Suite" finished-at="2022-07-27T22:45:38 IST" duration-ms="32023">
    <groups>
    </groups>
    <test started-at="2022-07-27T22:45:06 IST" name="ChromeTest" finished-at="2022-07-27T22:45:38 IST" duration-ms="32023">
      <class name="testCases.ManagePages">
        <test-method is-config="true" signature="beforeClass(java.lang.String)[pri:0, instance:testCases.ManagePages@3b0fe47a]" started-at="2022-07-27T22:45:17 IST" name="beforeClass" finished-at="2022-07-27T22:45:20 IST" duration-ms="2326" status="PASS">
          <params>
            <param index="0">
              <value>
                <![CDATA[chrome]]>
              </value>
            </param>
          </params>
          <reporter-output>
          </reporter-output>
        </test-method> <!-- beforeClass -->
        <test-method signature="validateManagePagesSearchOptionWithPageName()[pri:1, instance:testCases.ManagePages@3b0fe47a]" started-at="2022-07-27T22:45:20 IST" name="validateManagePagesSearchOptionWithPageName" finished-at="2022-07-27T22:45:23 IST" duration-ms="3685" status="PASS">
          <reporter-output>
          </reporter-output>
        </test-method> <!-- validateManagePagesSearchOptionWithPageName -->
        <test-method is-config="true" signature="beforeMethod()[pri:0, instance:testCases.ManagePages@3b0fe47a]" started-at="2022-07-27T22:45:20 IST" name="beforeMethod" finished-at="2022-07-27T22:45:20 IST" duration-ms="0" status="PASS">
          <reporter-output>
          </reporter-output>
        </test-method> <!-- beforeMethod -->
        <test-method is-config="true" signature="afterMethod(org.testng.ITestResult)[pri:0, instance:testCases.ManagePages@3b0fe47a]" started-at="2022-07-27T22:45:23 IST" name="afterMethod" finished-at="2022-07-27T22:45:23 IST" duration-ms="0" status="PASS">
          <params>
            <param index="0">
              <value>
                <![CDATA[[TestResult name=validateManagePagesSearchOptionWithPageName status=SUCCESS method=ManagePages.validateManagePagesSearchOptionWithPageName()[pri:1, instance:testCases.ManagePages@3b0fe47a] output={null}]]]>
              </value>
            </param>
          </params>
          <reporter-output>
          </reporter-output>
        </test-method> <!-- afterMethod -->
        <test-method is-config="true" signature="beforeMethod()[pri:0, instance:testCases.ManagePages@3b0fe47a]" started-at="2022-07-27T22:45:23 IST" name="beforeMethod" finished-at="2022-07-27T22:45:23 IST" duration-ms="3" status="PASS">
          <reporter-output>
          </reporter-output>
        </test-method> <!-- beforeMethod -->
        <test-method signature="validateTextBoxesinAddNewPageOption()[pri:2, instance:testCases.ManagePages@3b0fe47a]" started-at="2022-07-27T22:45:23 IST" name="validateTextBoxesinAddNewPageOption" finished-at="2022-07-27T22:45:25 IST" duration-ms="1305" status="PASS">
          <reporter-output>
          </reporter-output>
        </test-method> <!-- validateTextBoxesinAddNewPageOption -->
        <test-method is-config="true" signature="afterMethod(org.testng.ITestResult)[pri:0, instance:testCases.ManagePages@3b0fe47a]" started-at="2022-07-27T22:45:25 IST" name="afterMethod" finished-at="2022-07-27T22:45:25 IST" duration-ms="1" status="PASS">
          <params>
            <param index="0">
              <value>
                <![CDATA[[TestResult name=validateTextBoxesinAddNewPageOption status=SUCCESS method=ManagePages.validateTextBoxesinAddNewPageOption()[pri:2, instance:testCases.ManagePages@3b0fe47a] output={null}]]]>
              </value>
            </param>
          </params>
          <reporter-output>
          </reporter-output>
        </test-method> <!-- afterMethod -->
        <test-method signature="validateUploadImagesinAddNewPageOption()[pri:3, instance:testCases.ManagePages@3b0fe47a]" started-at="2022-07-27T22:45:25 IST" name="validateUploadImagesinAddNewPageOption" finished-at="2022-07-27T22:45:25 IST" duration-ms="389" status="PASS">
          <reporter-output>
          </reporter-output>
        </test-method> <!-- validateUploadImagesinAddNewPageOption -->
        <test-method is-config="true" signature="beforeMethod()[pri:0, instance:testCases.ManagePages@3b0fe47a]" started-at="2022-07-27T22:45:25 IST" name="beforeMethod" finished-at="2022-07-27T22:45:25 IST" duration-ms="0" status="PASS">
          <reporter-output>
          </reporter-output>
        </test-method> <!-- beforeMethod -->
        <test-method is-config="true" signature="afterMethod(org.testng.ITestResult)[pri:0, instance:testCases.ManagePages@3b0fe47a]" started-at="2022-07-27T22:45:25 IST" name="afterMethod" finished-at="2022-07-27T22:45:25 IST" duration-ms="0" status="PASS">
          <params>
            <param index="0">
              <value>
                <![CDATA[[TestResult name=validateUploadImagesinAddNewPageOption status=SUCCESS method=ManagePages.validateUploadImagesinAddNewPageOption()[pri:3, instance:testCases.ManagePages@3b0fe47a] output={null}]]]>
              </value>
            </param>
          </params>
          <reporter-output>
          </reporter-output>
        </test-method> <!-- afterMethod -->
        <test-method signature="validateDeleteButton()[pri:4, instance:testCases.ManagePages@3b0fe47a]" started-at="2022-07-27T22:45:25 IST" name="validateDeleteButton" finished-at="2022-07-27T22:45:26 IST" duration-ms="479" status="PASS">
          <reporter-output>
          </reporter-output>
        </test-method> <!-- validateDeleteButton -->
        <test-method is-config="true" signature="beforeMethod()[pri:0, instance:testCases.ManagePages@3b0fe47a]" started-at="2022-07-27T22:45:25 IST" name="beforeMethod" finished-at="2022-07-27T22:45:25 IST" duration-ms="0" status="PASS">
          <reporter-output>
          </reporter-output>
        </test-method> <!-- beforeMethod -->
        <test-method is-config="true" signature="afterMethod(org.testng.ITestResult)[pri:0, instance:testCases.ManagePages@3b0fe47a]" started-at="2022-07-27T22:45:26 IST" name="afterMethod" finished-at="2022-07-27T22:45:26 IST" duration-ms="0" status="PASS">
          <params>
            <param index="0">
              <value>
                <![CDATA[[TestResult name=validateDeleteButton status=SUCCESS method=ManagePages.validateDeleteButton()[pri:4, instance:testCases.ManagePages@3b0fe47a] output={null}]]]>
              </value>
            </param>
          </params>
          <reporter-output>
          </reporter-output>
        </test-method> <!-- afterMethod -->
        <test-method is-config="true" signature="afterClass()[pri:0, instance:testCases.ManagePages@3b0fe47a]" started-at="2022-07-27T22:45:26 IST" name="afterClass" finished-at="2022-07-27T22:45:26 IST" duration-ms="140" status="PASS">
          <reporter-output>
          </reporter-output>
        </test-method> <!-- afterClass -->
      </class> <!-- testCases.ManagePages -->
      <class name="testCases.Login">
        <test-method is-config="true" signature="beforeTest()[pri:0, instance:testCases.Login@5d0bf09b]" started-at="2022-07-27T22:45:06 IST" name="beforeTest" finished-at="2022-07-27T22:45:06 IST" duration-ms="13" status="PASS">
          <reporter-output>
          </reporter-output>
        </test-method> <!-- beforeTest -->
        <test-method is-config="true" signature="beforeClass(java.lang.String)[pri:0, instance:testCases.Login@5d0bf09b]" started-at="2022-07-27T22:45:06 IST" name="beforeClass" finished-at="2022-07-27T22:45:11 IST" duration-ms="5377" status="PASS">
          <params>
            <param index="0">
              <value>
                <![CDATA[chrome]]>
              </value>
            </param>
          </params>
          <reporter-output>
          </reporter-output>
        </test-method> <!-- beforeClass -->
        <test-method is-config="true" signature="beforeMethod()[pri:0, instance:testCases.Login@5d0bf09b]" started-at="2022-07-27T22:45:11 IST" name="beforeMethod" finished-at="2022-07-27T22:45:11 IST" duration-ms="1" status="PASS">
          <reporter-output>
          </reporter-output>
        </test-method> <!-- beforeMethod -->
        <test-method signature="validateLoginWithPasswordAlone()[pri:1, instance:testCases.Login@5d0bf09b]" started-at="2022-07-27T22:45:11 IST" name="validateLoginWithPasswordAlone" finished-at="2022-07-27T22:45:12 IST" duration-ms="1076" status="PASS">
          <reporter-output>
          </reporter-output>
        </test-method> <!-- validateLoginWithPasswordAlone -->
        <test-method is-config="true" signature="afterMethod(org.testng.ITestResult)[pri:0, instance:testCases.Login@5d0bf09b]" started-at="2022-07-27T22:45:12 IST" name="afterMethod" finished-at="2022-07-27T22:45:12 IST" duration-ms="1" status="PASS">
          <params>
            <param index="0">
              <value>
                <![CDATA[[TestResult name=validateLoginWithPasswordAlone status=SUCCESS method=Login.validateLoginWithPasswordAlone()[pri:1, instance:testCases.Login@5d0bf09b] output={null}]]]>
              </value>
            </param>
          </params>
          <reporter-output>
          </reporter-output>
        </test-method> <!-- afterMethod -->
        <test-method signature="validateLoginWithUserNameAlone()[pri:2, instance:testCases.Login@5d0bf09b]" started-at="2022-07-27T22:45:12 IST" name="validateLoginWithUserNameAlone" finished-at="2022-07-27T22:45:13 IST" duration-ms="648" status="PASS">
          <reporter-output>
          </reporter-output>
        </test-method> <!-- validateLoginWithUserNameAlone -->
        <test-method is-config="true" signature="beforeMethod()[pri:0, instance:testCases.Login@5d0bf09b]" started-at="2022-07-27T22:45:12 IST" name="beforeMethod" finished-at="2022-07-27T22:45:12 IST" duration-ms="0" status="PASS">
          <reporter-output>
          </reporter-output>
        </test-method> <!-- beforeMethod -->
        <test-method is-config="true" signature="afterMethod(org.testng.ITestResult)[pri:0, instance:testCases.Login@5d0bf09b]" started-at="2022-07-27T22:45:13 IST" name="afterMethod" finished-at="2022-07-27T22:45:13 IST" duration-ms="1" status="PASS">
          <params>
            <param index="0">
              <value>
                <![CDATA[[TestResult name=validateLoginWithUserNameAlone status=SUCCESS method=Login.validateLoginWithUserNameAlone()[pri:2, instance:testCases.Login@5d0bf09b] output={null}]]]>
              </value>
            </param>
          </params>
          <reporter-output>
          </reporter-output>
        </test-method> <!-- afterMethod -->
        <test-method is-config="true" signature="beforeMethod()[pri:0, instance:testCases.Login@5d0bf09b]" started-at="2022-07-27T22:45:13 IST" name="beforeMethod" finished-at="2022-07-27T22:45:13 IST" duration-ms="2" status="PASS">
          <reporter-output>
          </reporter-output>
        </test-method> <!-- beforeMethod -->
        <test-method signature="validateLoginWithCorrectUserNameAndPassword()[pri:3, instance:testCases.Login@5d0bf09b]" started-at="2022-07-27T22:45:13 IST" name="validateLoginWithCorrectUserNameAndPassword" finished-at="2022-07-27T22:45:15 IST" duration-ms="2102" status="PASS">
          <reporter-output>
          </reporter-output>
        </test-method> <!-- validateLoginWithCorrectUserNameAndPassword -->
        <test-method is-config="true" signature="afterMethod(org.testng.ITestResult)[pri:0, instance:testCases.Login@5d0bf09b]" started-at="2022-07-27T22:45:15 IST" name="afterMethod" finished-at="2022-07-27T22:45:15 IST" duration-ms="0" status="PASS">
          <params>
            <param index="0">
              <value>
                <![CDATA[[TestResult name=validateLoginWithCorrectUserNameAndPassword status=SUCCESS method=Login.validateLoginWithCorrectUserNameAndPassword()[pri:3, instance:testCases.Login@5d0bf09b] output={null}]]]>
              </value>
            </param>
          </params>
          <reporter-output>
          </reporter-output>
        </test-method> <!-- afterMethod -->
        <test-method is-config="true" signature="beforeMethod()[pri:0, instance:testCases.Login@5d0bf09b]" started-at="2022-07-27T22:45:15 IST" name="beforeMethod" finished-at="2022-07-27T22:45:15 IST" duration-ms="1" status="PASS">
          <reporter-output>
          </reporter-output>
        </test-method> <!-- beforeMethod -->
        <test-method signature="validateRememberMebuttonBeforeClick()[pri:4, instance:testCases.Login@5d0bf09b]" started-at="2022-07-27T22:45:15 IST" name="validateRememberMebuttonBeforeClick" finished-at="2022-07-27T22:45:15 IST" duration-ms="236" status="PASS">
          <reporter-output>
          </reporter-output>
        </test-method> <!-- validateRememberMebuttonBeforeClick -->
        <test-method is-config="true" signature="afterMethod(org.testng.ITestResult)[pri:0, instance:testCases.Login@5d0bf09b]" started-at="2022-07-27T22:45:15 IST" name="afterMethod" finished-at="2022-07-27T22:45:15 IST" duration-ms="2" status="PASS">
          <params>
            <param index="0">
              <value>
                <![CDATA[[TestResult name=validateRememberMebuttonBeforeClick status=SUCCESS method=Login.validateRememberMebuttonBeforeClick()[pri:4, instance:testCases.Login@5d0bf09b] output={null}]]]>
              </value>
            </param>
          </params>
          <reporter-output>
          </reporter-output>
        </test-method> <!-- afterMethod -->
        <test-method signature="validateRememberMebuttonAfterClick()[pri:5, instance:testCases.Login@5d0bf09b]" started-at="2022-07-27T22:45:15 IST" name="validateRememberMebuttonAfterClick" finished-at="2022-07-27T22:45:15 IST" duration-ms="326" status="PASS">
          <reporter-output>
          </reporter-output>
        </test-method> <!-- validateRememberMebuttonAfterClick -->
        <test-method is-config="true" signature="beforeMethod()[pri:0, instance:testCases.Login@5d0bf09b]" started-at="2022-07-27T22:45:15 IST" name="beforeMethod" finished-at="2022-07-27T22:45:15 IST" duration-ms="0" status="PASS">
          <reporter-output>
          </reporter-output>
        </test-method> <!-- beforeMethod -->
        <test-method signature="validateLoginWithInvalidUserName()[pri:6, instance:testCases.Login@5d0bf09b]" started-at="2022-07-27T22:45:15 IST" name="validateLoginWithInvalidUserName" finished-at="2022-07-27T22:45:16 IST" duration-ms="839" status="PASS">
          <reporter-output>
          </reporter-output>
        </test-method> <!-- validateLoginWithInvalidUserName -->
        <test-method is-config="true" signature="afterMethod(org.testng.ITestResult)[pri:0, instance:testCases.Login@5d0bf09b]" started-at="2022-07-27T22:45:15 IST" name="afterMethod" finished-at="2022-07-27T22:45:15 IST" duration-ms="0" status="PASS">
          <params>
            <param index="0">
              <value>
                <![CDATA[[TestResult name=validateRememberMebuttonAfterClick status=SUCCESS method=Login.validateRememberMebuttonAfterClick()[pri:5, instance:testCases.Login@5d0bf09b] output={null}]]]>
              </value>
            </param>
          </params>
          <reporter-output>
          </reporter-output>
        </test-method> <!-- afterMethod -->
        <test-method is-config="true" signature="beforeMethod()[pri:0, instance:testCases.Login@5d0bf09b]" started-at="2022-07-27T22:45:15 IST" name="beforeMethod" finished-at="2022-07-27T22:45:15 IST" duration-ms="0" status="PASS">
          <reporter-output>
          </reporter-output>
        </test-method> <!-- beforeMethod -->
        <test-method is-config="true" signature="afterMethod(org.testng.ITestResult)[pri:0, instance:testCases.Login@5d0bf09b]" started-at="2022-07-27T22:45:16 IST" name="afterMethod" finished-at="2022-07-27T22:45:16 IST" duration-ms="0" status="PASS">
          <params>
            <param index="0">
              <value>
                <![CDATA[[TestResult name=validateLoginWithInvalidUserName status=SUCCESS method=Login.validateLoginWithInvalidUserName()[pri:6, instance:testCases.Login@5d0bf09b] output={null}]]]>
              </value>
            </param>
          </params>
          <reporter-output>
          </reporter-output>
        </test-method> <!-- afterMethod -->
        <test-method is-config="true" signature="beforeMethod()[pri:0, instance:testCases.Login@5d0bf09b]" started-at="2022-07-27T22:45:16 IST" name="beforeMethod" finished-at="2022-07-27T22:45:16 IST" duration-ms="1" status="PASS">
          <reporter-output>
          </reporter-output>
        </test-method> <!-- beforeMethod -->
        <test-method signature="validateLoginWithInvalidPassword()[pri:7, instance:testCases.Login@5d0bf09b]" started-at="2022-07-27T22:45:16 IST" name="validateLoginWithInvalidPassword" finished-at="2022-07-27T22:45:17 IST" duration-ms="896" status="PASS">
          <reporter-output>
          </reporter-output>
        </test-method> <!-- validateLoginWithInvalidPassword -->
        <test-method is-config="true" signature="afterMethod(org.testng.ITestResult)[pri:0, instance:testCases.Login@5d0bf09b]" started-at="2022-07-27T22:45:17 IST" name="afterMethod" finished-at="2022-07-27T22:45:17 IST" duration-ms="0" status="PASS">
          <params>
            <param index="0">
              <value>
                <![CDATA[[TestResult name=validateLoginWithInvalidPassword status=SUCCESS method=Login.validateLoginWithInvalidPassword()[pri:7, instance:testCases.Login@5d0bf09b] output={null}]]]>
              </value>
            </param>
          </params>
          <reporter-output>
          </reporter-output>
        </test-method> <!-- afterMethod -->
        <test-method is-config="true" signature="afterClass()[pri:0, instance:testCases.Login@5d0bf09b]" started-at="2022-07-27T22:45:17 IST" name="afterClass" finished-at="2022-07-27T22:45:17 IST" duration-ms="227" status="PASS">
          <reporter-output>
          </reporter-output>
        </test-method> <!-- afterClass -->
        <test-method is-config="true" signature="afterTest()[pri:0, instance:testCases.Login@5d0bf09b]" started-at="2022-07-27T22:45:37 IST" name="afterTest" finished-at="2022-07-27T22:45:38 IST" duration-ms="76" status="PASS">
          <reporter-output>
          </reporter-output>
        </test-method> <!-- afterTest -->
      </class> <!-- testCases.Login -->
      <class name="testCases.AdminUsers">
        <test-method is-config="true" signature="beforeClass(java.lang.String)[pri:0, instance:testCases.AdminUsers@202b0582]" started-at="2022-07-27T22:45:26 IST" name="beforeClass" finished-at="2022-07-27T22:45:28 IST" duration-ms="2310" status="PASS">
          <params>
            <param index="0">
              <value>
                <![CDATA[chrome]]>
              </value>
            </param>
          </params>
          <reporter-output>
          </reporter-output>
        </test-method> <!-- beforeClass -->
        <test-method signature="validateAddNewPageOption()[pri:1, instance:testCases.AdminUsers@202b0582]" started-at="2022-07-27T22:45:28 IST" name="validateAddNewPageOption" finished-at="2022-07-27T22:45:31 IST" duration-ms="3379" status="PASS">
          <reporter-output>
          </reporter-output>
        </test-method> <!-- validateAddNewPageOption -->
        <test-method is-config="true" signature="beforeMethod()[pri:0, instance:testCases.AdminUsers@202b0582]" started-at="2022-07-27T22:45:28 IST" name="beforeMethod" finished-at="2022-07-27T22:45:28 IST" duration-ms="0" status="PASS">
          <reporter-output>
          </reporter-output>
        </test-method> <!-- beforeMethod -->
        <test-method is-config="true" signature="afterMethod(org.testng.ITestResult)[pri:0, instance:testCases.AdminUsers@202b0582]" started-at="2022-07-27T22:45:31 IST" name="afterMethod" finished-at="2022-07-27T22:45:31 IST" duration-ms="3" status="PASS">
          <params>
            <param index="0">
              <value>
                <![CDATA[[TestResult name=validateAddNewPageOption status=SUCCESS method=AdminUsers.validateAddNewPageOption()[pri:1, instance:testCases.AdminUsers@202b0582] output={null}]]]>
              </value>
            </param>
          </params>
          <reporter-output>
          </reporter-output>
        </test-method> <!-- afterMethod -->
        <test-method signature="validateDeletePageOption()[pri:2, instance:testCases.AdminUsers@202b0582]" started-at="2022-07-27T22:45:31 IST" name="validateDeletePageOption" finished-at="2022-07-27T22:45:32 IST" duration-ms="578" status="PASS">
          <reporter-output>
          </reporter-output>
        </test-method> <!-- validateDeletePageOption -->
        <test-method is-config="true" signature="beforeMethod()[pri:0, instance:testCases.AdminUsers@202b0582]" started-at="2022-07-27T22:45:31 IST" name="beforeMethod" finished-at="2022-07-27T22:45:31 IST" duration-ms="0" status="PASS">
          <reporter-output>
          </reporter-output>
        </test-method> <!-- beforeMethod -->
        <test-method signature="validateLockPageButtonIsClickable()[pri:3, instance:testCases.AdminUsers@202b0582]" started-at="2022-07-27T22:45:32 IST" name="validateLockPageButtonIsClickable" finished-at="2022-07-27T22:45:33 IST" duration-ms="596" status="PASS">
          <reporter-output>
          </reporter-output>
        </test-method> <!-- validateLockPageButtonIsClickable -->
        <test-method is-config="true" signature="beforeMethod()[pri:0, instance:testCases.AdminUsers@202b0582]" started-at="2022-07-27T22:45:32 IST" name="beforeMethod" finished-at="2022-07-27T22:45:32 IST" duration-ms="0" status="PASS">
          <reporter-output>
          </reporter-output>
        </test-method> <!-- beforeMethod -->
        <test-method is-config="true" signature="afterMethod(org.testng.ITestResult)[pri:0, instance:testCases.AdminUsers@202b0582]" started-at="2022-07-27T22:45:32 IST" name="afterMethod" finished-at="2022-07-27T22:45:32 IST" duration-ms="0" status="PASS">
          <params>
            <param index="0">
              <value>
                <![CDATA[[TestResult name=validateDeletePageOption status=SUCCESS method=AdminUsers.validateDeletePageOption()[pri:2, instance:testCases.AdminUsers@202b0582] output={null}]]]>
              </value>
            </param>
          </params>
          <reporter-output>
          </reporter-output>
        </test-method> <!-- afterMethod -->
        <test-method is-config="true" signature="afterMethod(org.testng.ITestResult)[pri:0, instance:testCases.AdminUsers@202b0582]" started-at="2022-07-27T22:45:33 IST" name="afterMethod" finished-at="2022-07-27T22:45:33 IST" duration-ms="0" status="PASS">
          <params>
            <param index="0">
              <value>
                <![CDATA[[TestResult name=validateLockPageButtonIsClickable status=SUCCESS method=AdminUsers.validateLockPageButtonIsClickable()[pri:3, instance:testCases.AdminUsers@202b0582] output={null}]]]>
              </value>
            </param>
          </params>
          <reporter-output>
          </reporter-output>
        </test-method> <!-- afterMethod -->
        <test-method signature="validateUnLockPageButtonIsClickable()[pri:4, instance:testCases.AdminUsers@202b0582]" started-at="2022-07-27T22:45:33 IST" name="validateUnLockPageButtonIsClickable" finished-at="2022-07-27T22:45:33 IST" duration-ms="371" status="PASS">
          <reporter-output>
          </reporter-output>
        </test-method> <!-- validateUnLockPageButtonIsClickable -->
        <test-method is-config="true" signature="beforeMethod()[pri:0, instance:testCases.AdminUsers@202b0582]" started-at="2022-07-27T22:45:33 IST" name="beforeMethod" finished-at="2022-07-27T22:45:33 IST" duration-ms="0" status="PASS">
          <reporter-output>
          </reporter-output>
        </test-method> <!-- beforeMethod -->
        <test-method is-config="true" signature="afterMethod(org.testng.ITestResult)[pri:0, instance:testCases.AdminUsers@202b0582]" started-at="2022-07-27T22:45:33 IST" name="afterMethod" finished-at="2022-07-27T22:45:33 IST" duration-ms="0" status="PASS">
          <params>
            <param index="0">
              <value>
                <![CDATA[[TestResult name=validateUnLockPageButtonIsClickable status=SUCCESS method=AdminUsers.validateUnLockPageButtonIsClickable()[pri:4, instance:testCases.AdminUsers@202b0582] output={null}]]]>
              </value>
            </param>
          </params>
          <reporter-output>
          </reporter-output>
        </test-method> <!-- afterMethod -->
        <test-method signature="validateActiveButtonIsClickable()[pri:5, instance:testCases.AdminUsers@202b0582]" started-at="2022-07-27T22:45:33 IST" name="validateActiveButtonIsClickable" finished-at="2022-07-27T22:45:33 IST" duration-ms="499" status="PASS">
          <reporter-output>
          </reporter-output>
        </test-method> <!-- validateActiveButtonIsClickable -->
        <test-method is-config="true" signature="beforeMethod()[pri:0, instance:testCases.AdminUsers@202b0582]" started-at="2022-07-27T22:45:33 IST" name="beforeMethod" finished-at="2022-07-27T22:45:33 IST" duration-ms="0" status="PASS">
          <reporter-output>
          </reporter-output>
        </test-method> <!-- beforeMethod -->
        <test-method is-config="true" signature="afterMethod(org.testng.ITestResult)[pri:0, instance:testCases.AdminUsers@202b0582]" started-at="2022-07-27T22:45:33 IST" name="afterMethod" finished-at="2022-07-27T22:45:33 IST" duration-ms="0" status="PASS">
          <params>
            <param index="0">
              <value>
                <![CDATA[[TestResult name=validateActiveButtonIsClickable status=SUCCESS method=AdminUsers.validateActiveButtonIsClickable()[pri:5, instance:testCases.AdminUsers@202b0582] output={null}]]]>
              </value>
            </param>
          </params>
          <reporter-output>
          </reporter-output>
        </test-method> <!-- afterMethod -->
        <test-method signature="validateInActiveButtonIsClickable()[pri:6, instance:testCases.AdminUsers@202b0582]" started-at="2022-07-27T22:45:33 IST" name="validateInActiveButtonIsClickable" finished-at="2022-07-27T22:45:34 IST" duration-ms="616" status="PASS">
          <reporter-output>
          </reporter-output>
        </test-method> <!-- validateInActiveButtonIsClickable -->
        <test-method is-config="true" signature="beforeMethod()[pri:0, instance:testCases.AdminUsers@202b0582]" started-at="2022-07-27T22:45:33 IST" name="beforeMethod" finished-at="2022-07-27T22:45:33 IST" duration-ms="0" status="PASS">
          <reporter-output>
          </reporter-output>
        </test-method> <!-- beforeMethod -->
        <test-method is-config="true" signature="afterMethod(org.testng.ITestResult)[pri:0, instance:testCases.AdminUsers@202b0582]" started-at="2022-07-27T22:45:34 IST" name="afterMethod" finished-at="2022-07-27T22:45:34 IST" duration-ms="2" status="PASS">
          <params>
            <param index="0">
              <value>
                <![CDATA[[TestResult name=validateInActiveButtonIsClickable status=SUCCESS method=AdminUsers.validateInActiveButtonIsClickable()[pri:6, instance:testCases.AdminUsers@202b0582] output={null}]]]>
              </value>
            </param>
          </params>
          <reporter-output>
          </reporter-output>
        </test-method> <!-- afterMethod -->
        <test-method is-config="true" signature="afterClass()[pri:0, instance:testCases.AdminUsers@202b0582]" started-at="2022-07-27T22:45:34 IST" name="afterClass" finished-at="2022-07-27T22:45:34 IST" duration-ms="146" status="PASS">
          <reporter-output>
          </reporter-output>
        </test-method> <!-- afterClass -->
      </class> <!-- testCases.AdminUsers -->
      <class name="testCases.DashBoard">
        <test-method is-config="true" signature="beforeClass(java.lang.String)[pri:0, instance:testCases.DashBoard@235ecd9f]" started-at="2022-07-27T22:45:34 IST" name="beforeClass" finished-at="2022-07-27T22:45:36 IST" duration-ms="2040" status="PASS">
          <params>
            <param index="0">
              <value>
                <![CDATA[chrome]]>
              </value>
            </param>
          </params>
          <reporter-output>
          </reporter-output>
        </test-method> <!-- beforeClass -->
        <test-method signature="validate()[pri:0, instance:testCases.DashBoard@235ecd9f]" started-at="2022-07-27T22:45:36 IST" name="validate" finished-at="2022-07-27T22:45:37 IST" duration-ms="1072" status="PASS">
          <reporter-output>
          </reporter-output>
        </test-method> <!-- validate -->
        <test-method is-config="true" signature="beforeMethod()[pri:0, instance:testCases.DashBoard@235ecd9f]" started-at="2022-07-27T22:45:36 IST" name="beforeMethod" finished-at="2022-07-27T22:45:36 IST" duration-ms="0" status="PASS">
          <reporter-output>
          </reporter-output>
        </test-method> <!-- beforeMethod -->
        <test-method is-config="true" signature="afterMethod(org.testng.ITestResult)[pri:0, instance:testCases.DashBoard@235ecd9f]" started-at="2022-07-27T22:45:37 IST" name="afterMethod" finished-at="2022-07-27T22:45:37 IST" duration-ms="1" status="PASS">
          <params>
            <param index="0">
              <value>
                <![CDATA[[TestResult name=validate status=SUCCESS method=DashBoard.validate()[pri:0, instance:testCases.DashBoard@235ecd9f] output={null}]]]>
              </value>
            </param>
          </params>
          <reporter-output>
          </reporter-output>
        </test-method> <!-- afterMethod -->
        <test-method is-config="true" signature="afterClass()[pri:0, instance:testCases.DashBoard@235ecd9f]" started-at="2022-07-27T22:45:37 IST" name="afterClass" finished-at="2022-07-27T22:45:37 IST" duration-ms="153" status="PASS">
          <reporter-output>
          </reporter-output>
        </test-method> <!-- afterClass -->
      </class> <!-- testCases.DashBoard -->
    </test> <!-- ChromeTest -->
  </suite> <!-- Suite -->
</testng-results>
