<?xml version="1.0" encoding="UTF-8"?>
<testng-results ignored="4" total="12" passed="8" failed="0" skipped="0">
  <reporter-output>
  </reporter-output>
  <suite started-at="2022-07-25T07:34:11 IST" name="Suite" finished-at="2022-07-25T07:34:29 IST" duration-ms="17719">
    <groups>
    </groups>
    <test started-at="2022-07-25T07:34:11 IST" name="ChromeTest" finished-at="2022-07-25T07:34:29 IST" duration-ms="17719">
      <class name="testCases.ManagePages">
        <test-method is-config="true" signature="beforeClass(java.lang.String)[pri:0, instance:testCases.ManagePages@27406a17]" started-at="2022-07-25T07:34:20 IST" name="beforeClass" finished-at="2022-07-25T07:34:23 IST" duration-ms="2275" status="PASS">
          <params>
            <param index="0">
              <value>
                <![CDATA[chrome]]>
              </value>
            </param>
          </params>
          <reporter-output>
          </reporter-output>
        </test-method> <!-- beforeClass -->
        <test-method is-config="true" signature="beforeMethod()[pri:0, instance:testCases.ManagePages@27406a17]" started-at="2022-07-25T07:34:23 IST" name="beforeMethod" finished-at="2022-07-25T07:34:23 IST" duration-ms="0" status="PASS">
          <reporter-output>
          </reporter-output>
        </test-method> <!-- beforeMethod -->
        <test-method signature="validateManagePagesSearchOption()[pri:0, instance:testCases.ManagePages@27406a17]" started-at="2022-07-25T07:34:23 IST" name="validateManagePagesSearchOption" finished-at="2022-07-25T07:34:25 IST" duration-ms="2593" status="PASS">
          <reporter-output>
          </reporter-output>
        </test-method> <!-- validateManagePagesSearchOption -->
        <test-method is-config="true" signature="afterClass()[pri:0, instance:testCases.ManagePages@27406a17]" started-at="2022-07-25T07:34:25 IST" name="afterClass" finished-at="2022-07-25T07:34:25 IST" duration-ms="174" status="PASS">
          <reporter-output>
          </reporter-output>
        </test-method> <!-- afterClass -->
        <test-method is-config="true" signature="afterMethod(org.testng.ITestResult)[pri:0, instance:testCases.ManagePages@27406a17]" started-at="2022-07-25T07:34:25 IST" name="afterMethod" finished-at="2022-07-25T07:34:25 IST" duration-ms="0" status="PASS">
          <params>
            <param index="0">
              <value>
                <![CDATA[[TestResult name=validateManagePagesSearchOption status=SUCCESS method=ManagePages.validateManagePagesSearchOption()[pri:0, instance:testCases.ManagePages@27406a17] output={null}]]]>
              </value>
            </param>
          </params>
          <reporter-output>
          </reporter-output>
        </test-method> <!-- afterMethod -->
      </class> <!-- testCases.ManagePages -->
      <class name="testCases.Login">
        <test-method is-config="true" signature="beforeTest()[pri:0, instance:testCases.Login@470734c3]" started-at="2022-07-25T07:34:11 IST" name="beforeTest" finished-at="2022-07-25T07:34:11 IST" duration-ms="15" status="PASS">
          <reporter-output>
          </reporter-output>
        </test-method> <!-- beforeTest -->
        <test-method is-config="true" signature="beforeClass(java.lang.String)[pri:0, instance:testCases.Login@470734c3]" started-at="2022-07-25T07:34:11 IST" name="beforeClass" finished-at="2022-07-25T07:34:15 IST" duration-ms="3753" status="PASS">
          <params>
            <param index="0">
              <value>
                <![CDATA[chrome]]>
              </value>
            </param>
          </params>
          <reporter-output>
          </reporter-output>
        </test-method> <!-- beforeClass -->
        <test-method is-config="true" signature="beforeMethod()[pri:0, instance:testCases.Login@470734c3]" started-at="2022-07-25T07:34:15 IST" name="beforeMethod" finished-at="2022-07-25T07:34:15 IST" duration-ms="0" status="PASS">
          <reporter-output>
          </reporter-output>
        </test-method> <!-- beforeMethod -->
        <test-method signature="validateLoginWithPasswordAlone()[pri:1, instance:testCases.Login@470734c3]" started-at="2022-07-25T07:34:15 IST" name="validateLoginWithPasswordAlone" finished-at="2022-07-25T07:34:16 IST" duration-ms="800" status="PASS">
          <reporter-output>
          </reporter-output>
        </test-method> <!-- validateLoginWithPasswordAlone -->
        <test-method is-config="true" signature="afterMethod(org.testng.ITestResult)[pri:0, instance:testCases.Login@470734c3]" started-at="2022-07-25T07:34:16 IST" name="afterMethod" finished-at="2022-07-25T07:34:16 IST" duration-ms="1" status="PASS">
          <params>
            <param index="0">
              <value>
                <![CDATA[[TestResult name=validateLoginWithPasswordAlone status=SUCCESS method=Login.validateLoginWithPasswordAlone()[pri:1, instance:testCases.Login@470734c3] output={null}]]]>
              </value>
            </param>
          </params>
          <reporter-output>
          </reporter-output>
        </test-method> <!-- afterMethod -->
        <test-method signature="validateLoginWithUserNameAlone()[pri:2, instance:testCases.Login@470734c3]" started-at="2022-07-25T07:34:16 IST" name="validateLoginWithUserNameAlone" finished-at="2022-07-25T07:34:17 IST" duration-ms="703" status="PASS">
          <reporter-output>
          </reporter-output>
        </test-method> <!-- validateLoginWithUserNameAlone -->
        <test-method is-config="true" signature="beforeMethod()[pri:0, instance:testCases.Login@470734c3]" started-at="2022-07-25T07:34:16 IST" name="beforeMethod" finished-at="2022-07-25T07:34:16 IST" duration-ms="0" status="PASS">
          <reporter-output>
          </reporter-output>
        </test-method> <!-- beforeMethod -->
        <test-method is-config="true" signature="afterMethod(org.testng.ITestResult)[pri:0, instance:testCases.Login@470734c3]" started-at="2022-07-25T07:34:17 IST" name="afterMethod" finished-at="2022-07-25T07:34:17 IST" duration-ms="0" status="PASS">
          <params>
            <param index="0">
              <value>
                <![CDATA[[TestResult name=validateLoginWithUserNameAlone status=SUCCESS method=Login.validateLoginWithUserNameAlone()[pri:2, instance:testCases.Login@470734c3] output={null}]]]>
              </value>
            </param>
          </params>
          <reporter-output>
          </reporter-output>
        </test-method> <!-- afterMethod -->
        <test-method signature="validateLoginWithCorrectUserNameAndPassword()[pri:3, instance:testCases.Login@470734c3]" started-at="2022-07-25T07:34:17 IST" name="validateLoginWithCorrectUserNameAndPassword" finished-at="2022-07-25T07:34:19 IST" duration-ms="2335" status="PASS">
          <reporter-output>
          </reporter-output>
        </test-method> <!-- validateLoginWithCorrectUserNameAndPassword -->
        <test-method is-config="true" signature="beforeMethod()[pri:0, instance:testCases.Login@470734c3]" started-at="2022-07-25T07:34:17 IST" name="beforeMethod" finished-at="2022-07-25T07:34:17 IST" duration-ms="0" status="PASS">
          <reporter-output>
          </reporter-output>
        </test-method> <!-- beforeMethod -->
        <test-method is-config="true" signature="afterMethod(org.testng.ITestResult)[pri:0, instance:testCases.Login@470734c3]" started-at="2022-07-25T07:34:19 IST" name="afterMethod" finished-at="2022-07-25T07:34:19 IST" duration-ms="0" status="PASS">
          <params>
            <param index="0">
              <value>
                <![CDATA[[TestResult name=validateLoginWithCorrectUserNameAndPassword status=SUCCESS method=Login.validateLoginWithCorrectUserNameAndPassword()[pri:3, instance:testCases.Login@470734c3] output={null}]]]>
              </value>
            </param>
          </params>
          <reporter-output>
          </reporter-output>
        </test-method> <!-- afterMethod -->
        <test-method is-config="true" signature="beforeMethod()[pri:0, instance:testCases.Login@470734c3]" started-at="2022-07-25T07:34:19 IST" name="beforeMethod" finished-at="2022-07-25T07:34:19 IST" duration-ms="0" status="PASS">
          <reporter-output>
          </reporter-output>
        </test-method> <!-- beforeMethod -->
        <test-method signature="validateRememberMebuttonBeforeClick()[pri:4, instance:testCases.Login@470734c3]" started-at="2022-07-25T07:34:19 IST" name="validateRememberMebuttonBeforeClick" finished-at="2022-07-25T07:34:19 IST" duration-ms="204" status="PASS">
          <reporter-output>
          </reporter-output>
        </test-method> <!-- validateRememberMebuttonBeforeClick -->
        <test-method is-config="true" signature="afterMethod(org.testng.ITestResult)[pri:0, instance:testCases.Login@470734c3]" started-at="2022-07-25T07:34:19 IST" name="afterMethod" finished-at="2022-07-25T07:34:19 IST" duration-ms="0" status="PASS">
          <params>
            <param index="0">
              <value>
                <![CDATA[[TestResult name=validateRememberMebuttonBeforeClick status=SUCCESS method=Login.validateRememberMebuttonBeforeClick()[pri:4, instance:testCases.Login@470734c3] output={null}]]]>
              </value>
            </param>
          </params>
          <reporter-output>
          </reporter-output>
        </test-method> <!-- afterMethod -->
        <test-method signature="validateRememberMebuttonAfterClick()[pri:5, instance:testCases.Login@470734c3]" started-at="2022-07-25T07:34:19 IST" name="validateRememberMebuttonAfterClick" finished-at="2022-07-25T07:34:19 IST" duration-ms="228" status="PASS">
          <reporter-output>
          </reporter-output>
        </test-method> <!-- validateRememberMebuttonAfterClick -->
        <test-method is-config="true" signature="beforeMethod()[pri:0, instance:testCases.Login@470734c3]" started-at="2022-07-25T07:34:19 IST" name="beforeMethod" finished-at="2022-07-25T07:34:19 IST" duration-ms="0" status="PASS">
          <reporter-output>
          </reporter-output>
        </test-method> <!-- beforeMethod -->
        <test-method is-config="true" signature="afterMethod(org.testng.ITestResult)[pri:0, instance:testCases.Login@470734c3]" started-at="2022-07-25T07:34:19 IST" name="afterMethod" finished-at="2022-07-25T07:34:19 IST" duration-ms="0" status="PASS">
          <params>
            <param index="0">
              <value>
                <![CDATA[[TestResult name=validateRememberMebuttonAfterClick status=SUCCESS method=Login.validateRememberMebuttonAfterClick()[pri:5, instance:testCases.Login@470734c3] output={null}]]]>
              </value>
            </param>
          </params>
          <reporter-output>
          </reporter-output>
        </test-method> <!-- afterMethod -->
        <test-method signature="ValidateLoginWithInvalidUserNameAndPassword()[pri:6, instance:testCases.Login@470734c3]" started-at="2022-07-25T07:34:19 IST" name="ValidateLoginWithInvalidUserNameAndPassword" finished-at="2022-07-25T07:34:20 IST" duration-ms="788" status="PASS">
          <reporter-output>
          </reporter-output>
        </test-method> <!-- ValidateLoginWithInvalidUserNameAndPassword -->
        <test-method is-config="true" signature="beforeMethod()[pri:0, instance:testCases.Login@470734c3]" started-at="2022-07-25T07:34:19 IST" name="beforeMethod" finished-at="2022-07-25T07:34:19 IST" duration-ms="0" status="PASS">
          <reporter-output>
          </reporter-output>
        </test-method> <!-- beforeMethod -->
        <test-method is-config="true" signature="afterMethod(org.testng.ITestResult)[pri:0, instance:testCases.Login@470734c3]" started-at="2022-07-25T07:34:20 IST" name="afterMethod" finished-at="2022-07-25T07:34:20 IST" duration-ms="0" status="PASS">
          <params>
            <param index="0">
              <value>
                <![CDATA[[TestResult name=ValidateLoginWithInvalidUserNameAndPassword status=SUCCESS method=Login.ValidateLoginWithInvalidUserNameAndPassword()[pri:6, instance:testCases.Login@470734c3] output={null}]]]>
              </value>
            </param>
          </params>
          <reporter-output>
          </reporter-output>
        </test-method> <!-- afterMethod -->
        <test-method is-config="true" signature="afterClass()[pri:0, instance:testCases.Login@470734c3]" started-at="2022-07-25T07:34:20 IST" name="afterClass" finished-at="2022-07-25T07:34:20 IST" duration-ms="209" status="PASS">
          <reporter-output>
          </reporter-output>
        </test-method> <!-- afterClass -->
        <test-method is-config="true" signature="afterTest()[pri:0, instance:testCases.Login@470734c3]" started-at="2022-07-25T07:34:29 IST" name="afterTest" finished-at="2022-07-25T07:34:29 IST" duration-ms="64" status="PASS">
          <reporter-output>
          </reporter-output>
        </test-method> <!-- afterTest -->
      </class> <!-- testCases.Login -->
      <class name="testCases.AdminUsers">
        <test-method is-config="true" signature="beforeClass(java.lang.String)[pri:0, instance:testCases.AdminUsers@2af004b]" started-at="2022-07-25T07:34:25 IST" name="beforeClass" finished-at="2022-07-25T07:34:28 IST" duration-ms="2038" status="PASS">
          <params>
            <param index="0">
              <value>
                <![CDATA[chrome]]>
              </value>
            </param>
          </params>
          <reporter-output>
          </reporter-output>
        </test-method> <!-- beforeClass -->
        <test-method signature="validateNewOption()[pri:0, instance:testCases.AdminUsers@2af004b]" started-at="2022-07-25T07:34:28 IST" name="validateNewOption" finished-at="2022-07-25T07:34:29 IST" duration-ms="1245" status="PASS">
          <reporter-output>
          </reporter-output>
        </test-method> <!-- validateNewOption -->
        <test-method is-config="true" signature="beforeMethod()[pri:0, instance:testCases.AdminUsers@2af004b]" started-at="2022-07-25T07:34:28 IST" name="beforeMethod" finished-at="2022-07-25T07:34:28 IST" duration-ms="0" status="PASS">
          <reporter-output>
          </reporter-output>
        </test-method> <!-- beforeMethod -->
        <test-method is-config="true" signature="afterMethod(org.testng.ITestResult)[pri:0, instance:testCases.AdminUsers@2af004b]" started-at="2022-07-25T07:34:29 IST" name="afterMethod" finished-at="2022-07-25T07:34:29 IST" duration-ms="2" status="PASS">
          <params>
            <param index="0">
              <value>
                <![CDATA[[TestResult name=validateNewOption status=SUCCESS method=AdminUsers.validateNewOption()[pri:0, instance:testCases.AdminUsers@2af004b] output={null}]]]>
              </value>
            </param>
          </params>
          <reporter-output>
          </reporter-output>
        </test-method> <!-- afterMethod -->
        <test-method is-config="true" signature="afterClass()[pri:0, instance:testCases.AdminUsers@2af004b]" started-at="2022-07-25T07:34:29 IST" name="afterClass" finished-at="2022-07-25T07:34:29 IST" duration-ms="193" status="PASS">
          <reporter-output>
          </reporter-output>
        </test-method> <!-- afterClass -->
      </class> <!-- testCases.AdminUsers -->
    </test> <!-- ChromeTest -->
  </suite> <!-- Suite -->
</testng-results>
