<?xml version="1.0" encoding="UTF-8"?>
<testng-results ignored="7" total="25" passed="18" failed="0" skipped="0">
  <reporter-output>
  </reporter-output>
  <suite started-at="2022-07-28T07:39:51 IST" name="Suite" finished-at="2022-07-28T07:40:20 IST" duration-ms="28753">
    <groups>
    </groups>
    <test started-at="2022-07-28T07:39:51 IST" name="ChromeTest" finished-at="2022-07-28T07:40:20 IST" duration-ms="28753">
      <class name="testCases.ManagePages">
        <test-method is-config="true" signature="beforeClass(java.lang.String)[pri:0, instance:testCases.ManagePages@7e07db1f]" started-at="2022-07-28T07:40:01 IST" name="beforeClass" finished-at="2022-07-28T07:40:03 IST" duration-ms="2105" status="PASS">
          <params>
            <param index="0">
              <value>
                <![CDATA[chrome]]>
              </value>
            </param>
          </params>
          <reporter-output>
          </reporter-output>
        </test-method> <!-- beforeClass -->
        <test-method signature="validateManagePagesSearchOptionWithPageName()[pri:1, instance:testCases.ManagePages@7e07db1f]" started-at="2022-07-28T07:40:03 IST" name="validateManagePagesSearchOptionWithPageName" finished-at="2022-07-28T07:40:07 IST" duration-ms="3722" status="PASS">
          <reporter-output>
          </reporter-output>
        </test-method> <!-- validateManagePagesSearchOptionWithPageName -->
        <test-method is-config="true" signature="beforeMethod()[pri:0, instance:testCases.ManagePages@7e07db1f]" started-at="2022-07-28T07:40:03 IST" name="beforeMethod" finished-at="2022-07-28T07:40:03 IST" duration-ms="0" status="PASS">
          <reporter-output>
          </reporter-output>
        </test-method> <!-- beforeMethod -->
        <test-method is-config="true" signature="afterMethod(org.testng.ITestResult)[pri:0, instance:testCases.ManagePages@7e07db1f]" started-at="2022-07-28T07:40:07 IST" name="afterMethod" finished-at="2022-07-28T07:40:07 IST" duration-ms="0" status="PASS">
          <params>
            <param index="0">
              <value>
                <![CDATA[[TestResult name=validateManagePagesSearchOptionWithPageName status=SUCCESS method=ManagePages.validateManagePagesSearchOptionWithPageName()[pri:1, instance:testCases.ManagePages@7e07db1f] output={null}]]]>
              </value>
            </param>
          </params>
          <reporter-output>
          </reporter-output>
        </test-method> <!-- afterMethod -->
        <test-method is-config="true" signature="beforeMethod()[pri:0, instance:testCases.ManagePages@7e07db1f]" started-at="2022-07-28T07:40:07 IST" name="beforeMethod" finished-at="2022-07-28T07:40:07 IST" duration-ms="1" status="PASS">
          <reporter-output>
          </reporter-output>
        </test-method> <!-- beforeMethod -->
        <test-method signature="validateTextBoxesinAddNewPageOption()[pri:2, instance:testCases.ManagePages@7e07db1f]" started-at="2022-07-28T07:40:07 IST" name="validateTextBoxesinAddNewPageOption" finished-at="2022-07-28T07:40:08 IST" duration-ms="1345" status="PASS">
          <reporter-output>
          </reporter-output>
        </test-method> <!-- validateTextBoxesinAddNewPageOption -->
        <test-method is-config="true" signature="afterMethod(org.testng.ITestResult)[pri:0, instance:testCases.ManagePages@7e07db1f]" started-at="2022-07-28T07:40:08 IST" name="afterMethod" finished-at="2022-07-28T07:40:08 IST" duration-ms="0" status="PASS">
          <params>
            <param index="0">
              <value>
                <![CDATA[[TestResult name=validateTextBoxesinAddNewPageOption status=SUCCESS method=ManagePages.validateTextBoxesinAddNewPageOption()[pri:2, instance:testCases.ManagePages@7e07db1f] output={null}]]]>
              </value>
            </param>
          </params>
          <reporter-output>
          </reporter-output>
        </test-method> <!-- afterMethod -->
        <test-method signature="validateUploadImagesinAddNewPageOption()[pri:3, instance:testCases.ManagePages@7e07db1f]" started-at="2022-07-28T07:40:08 IST" name="validateUploadImagesinAddNewPageOption" finished-at="2022-07-28T07:40:08 IST" duration-ms="333" status="PASS">
          <reporter-output>
          </reporter-output>
        </test-method> <!-- validateUploadImagesinAddNewPageOption -->
        <test-method is-config="true" signature="beforeMethod()[pri:0, instance:testCases.ManagePages@7e07db1f]" started-at="2022-07-28T07:40:08 IST" name="beforeMethod" finished-at="2022-07-28T07:40:08 IST" duration-ms="0" status="PASS">
          <reporter-output>
          </reporter-output>
        </test-method> <!-- beforeMethod -->
        <test-method is-config="true" signature="afterMethod(org.testng.ITestResult)[pri:0, instance:testCases.ManagePages@7e07db1f]" started-at="2022-07-28T07:40:08 IST" name="afterMethod" finished-at="2022-07-28T07:40:08 IST" duration-ms="0" status="PASS">
          <params>
            <param index="0">
              <value>
                <![CDATA[[TestResult name=validateUploadImagesinAddNewPageOption status=SUCCESS method=ManagePages.validateUploadImagesinAddNewPageOption()[pri:3, instance:testCases.ManagePages@7e07db1f] output={null}]]]>
              </value>
            </param>
          </params>
          <reporter-output>
          </reporter-output>
        </test-method> <!-- afterMethod -->
        <test-method signature="validateDeleteButton()[pri:4, instance:testCases.ManagePages@7e07db1f]" started-at="2022-07-28T07:40:08 IST" name="validateDeleteButton" finished-at="2022-07-28T07:40:09 IST" duration-ms="504" status="PASS">
          <reporter-output>
          </reporter-output>
        </test-method> <!-- validateDeleteButton -->
        <test-method is-config="true" signature="beforeMethod()[pri:0, instance:testCases.ManagePages@7e07db1f]" started-at="2022-07-28T07:40:08 IST" name="beforeMethod" finished-at="2022-07-28T07:40:08 IST" duration-ms="0" status="PASS">
          <reporter-output>
          </reporter-output>
        </test-method> <!-- beforeMethod -->
        <test-method is-config="true" signature="afterMethod(org.testng.ITestResult)[pri:0, instance:testCases.ManagePages@7e07db1f]" started-at="2022-07-28T07:40:09 IST" name="afterMethod" finished-at="2022-07-28T07:40:09 IST" duration-ms="0" status="PASS">
          <params>
            <param index="0">
              <value>
                <![CDATA[[TestResult name=validateDeleteButton status=SUCCESS method=ManagePages.validateDeleteButton()[pri:4, instance:testCases.ManagePages@7e07db1f] output={null}]]]>
              </value>
            </param>
          </params>
          <reporter-output>
          </reporter-output>
        </test-method> <!-- afterMethod -->
        <test-method is-config="true" signature="afterClass()[pri:0, instance:testCases.ManagePages@7e07db1f]" started-at="2022-07-28T07:40:09 IST" name="afterClass" finished-at="2022-07-28T07:40:09 IST" duration-ms="144" status="PASS">
          <reporter-output>
          </reporter-output>
        </test-method> <!-- afterClass -->
      </class> <!-- testCases.ManagePages -->
      <class name="testCases.Login">
        <test-method is-config="true" signature="beforeTest()[pri:0, instance:testCases.Login@595b007d]" started-at="2022-07-28T07:39:51 IST" name="beforeTest" finished-at="2022-07-28T07:39:51 IST" duration-ms="15" status="PASS">
          <reporter-output>
          </reporter-output>
        </test-method> <!-- beforeTest -->
        <test-method is-config="true" signature="beforeClass(java.lang.String)[pri:0, instance:testCases.Login@595b007d]" started-at="2022-07-28T07:39:51 IST" name="beforeClass" finished-at="2022-07-28T07:39:55 IST" duration-ms="3618" status="PASS">
          <params>
            <param index="0">
              <value>
                <![CDATA[chrome]]>
              </value>
            </param>
          </params>
          <reporter-output>
          </reporter-output>
        </test-method> <!-- beforeClass -->
        <test-method is-config="true" signature="beforeMethod()[pri:0, instance:testCases.Login@595b007d]" started-at="2022-07-28T07:39:55 IST" name="beforeMethod" finished-at="2022-07-28T07:39:55 IST" duration-ms="0" status="PASS">
          <reporter-output>
          </reporter-output>
        </test-method> <!-- beforeMethod -->
        <test-method signature="validateLoginWithPasswordAlone()[pri:1, instance:testCases.Login@595b007d]" started-at="2022-07-28T07:39:55 IST" name="validateLoginWithPasswordAlone" finished-at="2022-07-28T07:39:56 IST" duration-ms="957" status="PASS">
          <reporter-output>
          </reporter-output>
        </test-method> <!-- validateLoginWithPasswordAlone -->
        <test-method is-config="true" signature="afterMethod(org.testng.ITestResult)[pri:0, instance:testCases.Login@595b007d]" started-at="2022-07-28T07:39:56 IST" name="afterMethod" finished-at="2022-07-28T07:39:56 IST" duration-ms="2" status="PASS">
          <params>
            <param index="0">
              <value>
                <![CDATA[[TestResult name=validateLoginWithPasswordAlone status=SUCCESS method=Login.validateLoginWithPasswordAlone()[pri:1, instance:testCases.Login@595b007d] output={null}]]]>
              </value>
            </param>
          </params>
          <reporter-output>
          </reporter-output>
        </test-method> <!-- afterMethod -->
        <test-method signature="validateLoginWithUserNameAlone()[pri:2, instance:testCases.Login@595b007d]" started-at="2022-07-28T07:39:56 IST" name="validateLoginWithUserNameAlone" finished-at="2022-07-28T07:39:56 IST" duration-ms="667" status="PASS">
          <reporter-output>
          </reporter-output>
        </test-method> <!-- validateLoginWithUserNameAlone -->
        <test-method is-config="true" signature="beforeMethod()[pri:0, instance:testCases.Login@595b007d]" started-at="2022-07-28T07:39:56 IST" name="beforeMethod" finished-at="2022-07-28T07:39:56 IST" duration-ms="0" status="PASS">
          <reporter-output>
          </reporter-output>
        </test-method> <!-- beforeMethod -->
        <test-method is-config="true" signature="afterMethod(org.testng.ITestResult)[pri:0, instance:testCases.Login@595b007d]" started-at="2022-07-28T07:39:56 IST" name="afterMethod" finished-at="2022-07-28T07:39:56 IST" duration-ms="0" status="PASS">
          <params>
            <param index="0">
              <value>
                <![CDATA[[TestResult name=validateLoginWithUserNameAlone status=SUCCESS method=Login.validateLoginWithUserNameAlone()[pri:2, instance:testCases.Login@595b007d] output={null}]]]>
              </value>
            </param>
          </params>
          <reporter-output>
          </reporter-output>
        </test-method> <!-- afterMethod -->
        <test-method signature="validateLoginWithCorrectUserNameAndPassword()[pri:3, instance:testCases.Login@595b007d]" started-at="2022-07-28T07:39:56 IST" name="validateLoginWithCorrectUserNameAndPassword" finished-at="2022-07-28T07:39:58 IST" duration-ms="2249" status="PASS">
          <reporter-output>
          </reporter-output>
        </test-method> <!-- validateLoginWithCorrectUserNameAndPassword -->
        <test-method is-config="true" signature="beforeMethod()[pri:0, instance:testCases.Login@595b007d]" started-at="2022-07-28T07:39:56 IST" name="beforeMethod" finished-at="2022-07-28T07:39:56 IST" duration-ms="0" status="PASS">
          <reporter-output>
          </reporter-output>
        </test-method> <!-- beforeMethod -->
        <test-method is-config="true" signature="afterMethod(org.testng.ITestResult)[pri:0, instance:testCases.Login@595b007d]" started-at="2022-07-28T07:39:58 IST" name="afterMethod" finished-at="2022-07-28T07:39:58 IST" duration-ms="0" status="PASS">
          <params>
            <param index="0">
              <value>
                <![CDATA[[TestResult name=validateLoginWithCorrectUserNameAndPassword status=SUCCESS method=Login.validateLoginWithCorrectUserNameAndPassword()[pri:3, instance:testCases.Login@595b007d] output={null}]]]>
              </value>
            </param>
          </params>
          <reporter-output>
          </reporter-output>
        </test-method> <!-- afterMethod -->
        <test-method is-config="true" signature="beforeMethod()[pri:0, instance:testCases.Login@595b007d]" started-at="2022-07-28T07:39:58 IST" name="beforeMethod" finished-at="2022-07-28T07:39:58 IST" duration-ms="1" status="PASS">
          <reporter-output>
          </reporter-output>
        </test-method> <!-- beforeMethod -->
        <test-method signature="validateRememberMebuttonBeforeClick()[pri:4, instance:testCases.Login@595b007d]" started-at="2022-07-28T07:39:58 IST" name="validateRememberMebuttonBeforeClick" finished-at="2022-07-28T07:39:59 IST" duration-ms="168" status="PASS">
          <reporter-output>
          </reporter-output>
        </test-method> <!-- validateRememberMebuttonBeforeClick -->
        <test-method is-config="true" signature="afterMethod(org.testng.ITestResult)[pri:0, instance:testCases.Login@595b007d]" started-at="2022-07-28T07:39:59 IST" name="afterMethod" finished-at="2022-07-28T07:39:59 IST" duration-ms="2" status="PASS">
          <params>
            <param index="0">
              <value>
                <![CDATA[[TestResult name=validateRememberMebuttonBeforeClick status=SUCCESS method=Login.validateRememberMebuttonBeforeClick()[pri:4, instance:testCases.Login@595b007d] output={null}]]]>
              </value>
            </param>
          </params>
          <reporter-output>
          </reporter-output>
        </test-method> <!-- afterMethod -->
        <test-method is-config="true" signature="beforeMethod()[pri:0, instance:testCases.Login@595b007d]" started-at="2022-07-28T07:39:59 IST" name="beforeMethod" finished-at="2022-07-28T07:39:59 IST" duration-ms="0" status="PASS">
          <reporter-output>
          </reporter-output>
        </test-method> <!-- beforeMethod -->
        <test-method signature="validateRememberMebuttonAfterClick()[pri:5, instance:testCases.Login@595b007d]" started-at="2022-07-28T07:39:59 IST" name="validateRememberMebuttonAfterClick" finished-at="2022-07-28T07:39:59 IST" duration-ms="189" status="PASS">
          <reporter-output>
          </reporter-output>
        </test-method> <!-- validateRememberMebuttonAfterClick -->
        <test-method is-config="true" signature="afterMethod(org.testng.ITestResult)[pri:0, instance:testCases.Login@595b007d]" started-at="2022-07-28T07:39:59 IST" name="afterMethod" finished-at="2022-07-28T07:39:59 IST" duration-ms="0" status="PASS">
          <params>
            <param index="0">
              <value>
                <![CDATA[[TestResult name=validateRememberMebuttonAfterClick status=SUCCESS method=Login.validateRememberMebuttonAfterClick()[pri:5, instance:testCases.Login@595b007d] output={null}]]]>
              </value>
            </param>
          </params>
          <reporter-output>
          </reporter-output>
        </test-method> <!-- afterMethod -->
        <test-method signature="validateLoginWithInvalidUserName()[pri:6, instance:testCases.Login@595b007d]" started-at="2022-07-28T07:39:59 IST" name="validateLoginWithInvalidUserName" finished-at="2022-07-28T07:40:00 IST" duration-ms="922" status="PASS">
          <reporter-output>
          </reporter-output>
        </test-method> <!-- validateLoginWithInvalidUserName -->
        <test-method is-config="true" signature="beforeMethod()[pri:0, instance:testCases.Login@595b007d]" started-at="2022-07-28T07:39:59 IST" name="beforeMethod" finished-at="2022-07-28T07:39:59 IST" duration-ms="0" status="PASS">
          <reporter-output>
          </reporter-output>
        </test-method> <!-- beforeMethod -->
        <test-method is-config="true" signature="afterMethod(org.testng.ITestResult)[pri:0, instance:testCases.Login@595b007d]" started-at="2022-07-28T07:40:00 IST" name="afterMethod" finished-at="2022-07-28T07:40:00 IST" duration-ms="1" status="PASS">
          <params>
            <param index="0">
              <value>
                <![CDATA[[TestResult name=validateLoginWithInvalidUserName status=SUCCESS method=Login.validateLoginWithInvalidUserName()[pri:6, instance:testCases.Login@595b007d] output={null}]]]>
              </value>
            </param>
          </params>
          <reporter-output>
          </reporter-output>
        </test-method> <!-- afterMethod -->
        <test-method is-config="true" signature="beforeMethod()[pri:0, instance:testCases.Login@595b007d]" started-at="2022-07-28T07:40:00 IST" name="beforeMethod" finished-at="2022-07-28T07:40:00 IST" duration-ms="1" status="PASS">
          <reporter-output>
          </reporter-output>
        </test-method> <!-- beforeMethod -->
        <test-method signature="validateLoginWithInvalidPassword()[pri:7, instance:testCases.Login@595b007d]" started-at="2022-07-28T07:40:00 IST" name="validateLoginWithInvalidPassword" finished-at="2022-07-28T07:40:01 IST" duration-ms="735" status="PASS">
          <reporter-output>
          </reporter-output>
        </test-method> <!-- validateLoginWithInvalidPassword -->
        <test-method is-config="true" signature="afterMethod(org.testng.ITestResult)[pri:0, instance:testCases.Login@595b007d]" started-at="2022-07-28T07:40:01 IST" name="afterMethod" finished-at="2022-07-28T07:40:01 IST" duration-ms="1" status="PASS">
          <params>
            <param index="0">
              <value>
                <![CDATA[[TestResult name=validateLoginWithInvalidPassword status=SUCCESS method=Login.validateLoginWithInvalidPassword()[pri:7, instance:testCases.Login@595b007d] output={null}]]]>
              </value>
            </param>
          </params>
          <reporter-output>
          </reporter-output>
        </test-method> <!-- afterMethod -->
        <test-method is-config="true" signature="afterClass()[pri:0, instance:testCases.Login@595b007d]" started-at="2022-07-28T07:40:01 IST" name="afterClass" finished-at="2022-07-28T07:40:01 IST" duration-ms="169" status="PASS">
          <reporter-output>
          </reporter-output>
        </test-method> <!-- afterClass -->
        <test-method is-config="true" signature="afterTest()[pri:0, instance:testCases.Login@595b007d]" started-at="2022-07-28T07:40:20 IST" name="afterTest" finished-at="2022-07-28T07:40:20 IST" duration-ms="93" status="PASS">
          <reporter-output>
          </reporter-output>
        </test-method> <!-- afterTest -->
      </class> <!-- testCases.Login -->
      <class name="testCases.AdminUsers">
        <test-method is-config="true" signature="beforeClass(java.lang.String)[pri:0, instance:testCases.AdminUsers@1189dd52]" started-at="2022-07-28T07:40:09 IST" name="beforeClass" finished-at="2022-07-28T07:40:11 IST" duration-ms="2027" status="PASS">
          <params>
            <param index="0">
              <value>
                <![CDATA[chrome]]>
              </value>
            </param>
          </params>
          <reporter-output>
          </reporter-output>
        </test-method> <!-- beforeClass -->
        <test-method is-config="true" signature="beforeMethod()[pri:0, instance:testCases.AdminUsers@1189dd52]" started-at="2022-07-28T07:40:11 IST" name="beforeMethod" finished-at="2022-07-28T07:40:11 IST" duration-ms="1" status="PASS">
          <reporter-output>
          </reporter-output>
        </test-method> <!-- beforeMethod -->
        <test-method signature="validateAddNewPageOption()[pri:1, instance:testCases.AdminUsers@1189dd52]" started-at="2022-07-28T07:40:11 IST" name="validateAddNewPageOption" finished-at="2022-07-28T07:40:14 IST" duration-ms="3004" status="PASS">
          <reporter-output>
          </reporter-output>
        </test-method> <!-- validateAddNewPageOption -->
        <test-method is-config="true" signature="afterMethod(org.testng.ITestResult)[pri:0, instance:testCases.AdminUsers@1189dd52]" started-at="2022-07-28T07:40:14 IST" name="afterMethod" finished-at="2022-07-28T07:40:14 IST" duration-ms="1" status="PASS">
          <params>
            <param index="0">
              <value>
                <![CDATA[[TestResult name=validateAddNewPageOption status=SUCCESS method=AdminUsers.validateAddNewPageOption()[pri:1, instance:testCases.AdminUsers@1189dd52] output={null}]]]>
              </value>
            </param>
          </params>
          <reporter-output>
          </reporter-output>
        </test-method> <!-- afterMethod -->
        <test-method signature="validateDeletePageOption()[pri:2, instance:testCases.AdminUsers@1189dd52]" started-at="2022-07-28T07:40:14 IST" name="validateDeletePageOption" finished-at="2022-07-28T07:40:15 IST" duration-ms="895" status="PASS">
          <reporter-output>
          </reporter-output>
        </test-method> <!-- validateDeletePageOption -->
        <test-method is-config="true" signature="beforeMethod()[pri:0, instance:testCases.AdminUsers@1189dd52]" started-at="2022-07-28T07:40:14 IST" name="beforeMethod" finished-at="2022-07-28T07:40:14 IST" duration-ms="0" status="PASS">
          <reporter-output>
          </reporter-output>
        </test-method> <!-- beforeMethod -->
        <test-method is-config="true" signature="afterMethod(org.testng.ITestResult)[pri:0, instance:testCases.AdminUsers@1189dd52]" started-at="2022-07-28T07:40:15 IST" name="afterMethod" finished-at="2022-07-28T07:40:15 IST" duration-ms="0" status="PASS">
          <params>
            <param index="0">
              <value>
                <![CDATA[[TestResult name=validateDeletePageOption status=SUCCESS method=AdminUsers.validateDeletePageOption()[pri:2, instance:testCases.AdminUsers@1189dd52] output={null}]]]>
              </value>
            </param>
          </params>
          <reporter-output>
          </reporter-output>
        </test-method> <!-- afterMethod -->
        <test-method is-config="true" signature="beforeMethod()[pri:0, instance:testCases.AdminUsers@1189dd52]" started-at="2022-07-28T07:40:15 IST" name="beforeMethod" finished-at="2022-07-28T07:40:15 IST" duration-ms="0" status="PASS">
          <reporter-output>
          </reporter-output>
        </test-method> <!-- beforeMethod -->
        <test-method signature="validateLockPageButtonIsClickable()[pri:3, instance:testCases.AdminUsers@1189dd52]" started-at="2022-07-28T07:40:15 IST" name="validateLockPageButtonIsClickable" finished-at="2022-07-28T07:40:15 IST" duration-ms="519" status="PASS">
          <reporter-output>
          </reporter-output>
        </test-method> <!-- validateLockPageButtonIsClickable -->
        <test-method is-config="true" signature="afterMethod(org.testng.ITestResult)[pri:0, instance:testCases.AdminUsers@1189dd52]" started-at="2022-07-28T07:40:15 IST" name="afterMethod" finished-at="2022-07-28T07:40:15 IST" duration-ms="0" status="PASS">
          <params>
            <param index="0">
              <value>
                <![CDATA[[TestResult name=validateLockPageButtonIsClickable status=SUCCESS method=AdminUsers.validateLockPageButtonIsClickable()[pri:3, instance:testCases.AdminUsers@1189dd52] output={null}]]]>
              </value>
            </param>
          </params>
          <reporter-output>
          </reporter-output>
        </test-method> <!-- afterMethod -->
        <test-method is-config="true" signature="beforeMethod()[pri:0, instance:testCases.AdminUsers@1189dd52]" started-at="2022-07-28T07:40:15 IST" name="beforeMethod" finished-at="2022-07-28T07:40:15 IST" duration-ms="0" status="PASS">
          <reporter-output>
          </reporter-output>
        </test-method> <!-- beforeMethod -->
        <test-method signature="validateUnLockPageButtonIsClickable()[pri:4, instance:testCases.AdminUsers@1189dd52]" started-at="2022-07-28T07:40:15 IST" name="validateUnLockPageButtonIsClickable" finished-at="2022-07-28T07:40:16 IST" duration-ms="435" status="PASS">
          <reporter-output>
          </reporter-output>
        </test-method> <!-- validateUnLockPageButtonIsClickable -->
        <test-method is-config="true" signature="afterMethod(org.testng.ITestResult)[pri:0, instance:testCases.AdminUsers@1189dd52]" started-at="2022-07-28T07:40:16 IST" name="afterMethod" finished-at="2022-07-28T07:40:16 IST" duration-ms="1" status="PASS">
          <params>
            <param index="0">
              <value>
                <![CDATA[[TestResult name=validateUnLockPageButtonIsClickable status=SUCCESS method=AdminUsers.validateUnLockPageButtonIsClickable()[pri:4, instance:testCases.AdminUsers@1189dd52] output={null}]]]>
              </value>
            </param>
          </params>
          <reporter-output>
          </reporter-output>
        </test-method> <!-- afterMethod -->
        <test-method is-config="true" signature="beforeMethod()[pri:0, instance:testCases.AdminUsers@1189dd52]" started-at="2022-07-28T07:40:16 IST" name="beforeMethod" finished-at="2022-07-28T07:40:16 IST" duration-ms="1" status="PASS">
          <reporter-output>
          </reporter-output>
        </test-method> <!-- beforeMethod -->
        <test-method signature="validateActiveButtonIsClickable()[pri:5, instance:testCases.AdminUsers@1189dd52]" started-at="2022-07-28T07:40:16 IST" name="validateActiveButtonIsClickable" finished-at="2022-07-28T07:40:16 IST" duration-ms="492" status="PASS">
          <reporter-output>
          </reporter-output>
        </test-method> <!-- validateActiveButtonIsClickable -->
        <test-method is-config="true" signature="afterMethod(org.testng.ITestResult)[pri:0, instance:testCases.AdminUsers@1189dd52]" started-at="2022-07-28T07:40:16 IST" name="afterMethod" finished-at="2022-07-28T07:40:16 IST" duration-ms="1" status="PASS">
          <params>
            <param index="0">
              <value>
                <![CDATA[[TestResult name=validateActiveButtonIsClickable status=SUCCESS method=AdminUsers.validateActiveButtonIsClickable()[pri:5, instance:testCases.AdminUsers@1189dd52] output={null}]]]>
              </value>
            </param>
          </params>
          <reporter-output>
          </reporter-output>
        </test-method> <!-- afterMethod -->
        <test-method signature="validateInActiveButtonIsClickable()[pri:6, instance:testCases.AdminUsers@1189dd52]" started-at="2022-07-28T07:40:16 IST" name="validateInActiveButtonIsClickable" finished-at="2022-07-28T07:40:17 IST" duration-ms="494" status="PASS">
          <reporter-output>
          </reporter-output>
        </test-method> <!-- validateInActiveButtonIsClickable -->
        <test-method is-config="true" signature="beforeMethod()[pri:0, instance:testCases.AdminUsers@1189dd52]" started-at="2022-07-28T07:40:16 IST" name="beforeMethod" finished-at="2022-07-28T07:40:16 IST" duration-ms="0" status="PASS">
          <reporter-output>
          </reporter-output>
        </test-method> <!-- beforeMethod -->
        <test-method is-config="true" signature="afterClass()[pri:0, instance:testCases.AdminUsers@1189dd52]" started-at="2022-07-28T07:40:17 IST" name="afterClass" finished-at="2022-07-28T07:40:17 IST" duration-ms="108" status="PASS">
          <reporter-output>
          </reporter-output>
        </test-method> <!-- afterClass -->
        <test-method is-config="true" signature="afterMethod(org.testng.ITestResult)[pri:0, instance:testCases.AdminUsers@1189dd52]" started-at="2022-07-28T07:40:17 IST" name="afterMethod" finished-at="2022-07-28T07:40:17 IST" duration-ms="0" status="PASS">
          <params>
            <param index="0">
              <value>
                <![CDATA[[TestResult name=validateInActiveButtonIsClickable status=SUCCESS method=AdminUsers.validateInActiveButtonIsClickable()[pri:6, instance:testCases.AdminUsers@1189dd52] output={null}]]]>
              </value>
            </param>
          </params>
          <reporter-output>
          </reporter-output>
        </test-method> <!-- afterMethod -->
      </class> <!-- testCases.AdminUsers -->
      <class name="testCases.DashBoard">
        <test-method is-config="true" signature="beforeClass(java.lang.String)[pri:0, instance:testCases.DashBoard@36bc55de]" started-at="2022-07-28T07:40:17 IST" name="beforeClass" finished-at="2022-07-28T07:40:19 IST" duration-ms="2054" status="PASS">
          <params>
            <param index="0">
              <value>
                <![CDATA[chrome]]>
              </value>
            </param>
          </params>
          <reporter-output>
          </reporter-output>
        </test-method> <!-- beforeClass -->
        <test-method is-config="true" signature="beforeMethod()[pri:0, instance:testCases.DashBoard@36bc55de]" started-at="2022-07-28T07:40:19 IST" name="beforeMethod" finished-at="2022-07-28T07:40:19 IST" duration-ms="0" status="PASS">
          <reporter-output>
          </reporter-output>
        </test-method> <!-- beforeMethod -->
        <test-method signature="validate()[pri:0, instance:testCases.DashBoard@36bc55de]" started-at="2022-07-28T07:40:19 IST" name="validate" finished-at="2022-07-28T07:40:20 IST" duration-ms="601" status="PASS">
          <reporter-output>
          </reporter-output>
        </test-method> <!-- validate -->
        <test-method is-config="true" signature="afterClass()[pri:0, instance:testCases.DashBoard@36bc55de]" started-at="2022-07-28T07:40:20 IST" name="afterClass" finished-at="2022-07-28T07:40:20 IST" duration-ms="79" status="PASS">
          <reporter-output>
          </reporter-output>
        </test-method> <!-- afterClass -->
        <test-method is-config="true" signature="afterMethod(org.testng.ITestResult)[pri:0, instance:testCases.DashBoard@36bc55de]" started-at="2022-07-28T07:40:20 IST" name="afterMethod" finished-at="2022-07-28T07:40:20 IST" duration-ms="0" status="PASS">
          <params>
            <param index="0">
              <value>
                <![CDATA[[TestResult name=validate status=SUCCESS method=DashBoard.validate()[pri:0, instance:testCases.DashBoard@36bc55de] output={null}]]]>
              </value>
            </param>
          </params>
          <reporter-output>
          </reporter-output>
        </test-method> <!-- afterMethod -->
      </class> <!-- testCases.DashBoard -->
    </test> <!-- ChromeTest -->
  </suite> <!-- Suite -->
</testng-results>
