<?xml version="1.0" encoding="UTF-8"?>
<testng-results ignored="5" total="18" passed="13" failed="0" skipped="0">
  <reporter-output>
  </reporter-output>
  <suite started-at="2022-07-26T22:58:21 IST" name="Suite" finished-at="2022-07-26T22:58:51 IST" duration-ms="29728">
    <groups>
    </groups>
    <test started-at="2022-07-26T22:58:21 IST" name="ChromeTest" finished-at="2022-07-26T22:58:51 IST" duration-ms="29728">
      <class name="testCases.ManagePages">
        <test-method is-config="true" signature="beforeClass(java.lang.String)[pri:0, instance:testCases.ManagePages@5b1669c0]" started-at="2022-07-26T22:58:33 IST" name="beforeClass" finished-at="2022-07-26T22:58:36 IST" duration-ms="3015" status="PASS">
          <params>
            <param index="0">
              <value>
                <![CDATA[chrome]]>
              </value>
            </param>
          </params>
          <reporter-output>
          </reporter-output>
        </test-method> <!-- beforeClass -->
        <test-method signature="validateManagePagesSearchOptionWithPageName()[pri:1, instance:testCases.ManagePages@5b1669c0]" started-at="2022-07-26T22:58:36 IST" name="validateManagePagesSearchOptionWithPageName" finished-at="2022-07-26T22:58:41 IST" duration-ms="4177" status="PASS">
          <reporter-output>
          </reporter-output>
        </test-method> <!-- validateManagePagesSearchOptionWithPageName -->
        <test-method is-config="true" signature="beforeMethod()[pri:0, instance:testCases.ManagePages@5b1669c0]" started-at="2022-07-26T22:58:36 IST" name="beforeMethod" finished-at="2022-07-26T22:58:36 IST" duration-ms="0" status="PASS">
          <reporter-output>
          </reporter-output>
        </test-method> <!-- beforeMethod -->
        <test-method is-config="true" signature="beforeMethod()[pri:0, instance:testCases.ManagePages@5b1669c0]" started-at="2022-07-26T22:58:41 IST" name="beforeMethod" finished-at="2022-07-26T22:58:41 IST" duration-ms="1" status="PASS">
          <reporter-output>
          </reporter-output>
        </test-method> <!-- beforeMethod -->
        <test-method is-config="true" signature="afterMethod(org.testng.ITestResult)[pri:0, instance:testCases.ManagePages@5b1669c0]" started-at="2022-07-26T22:58:41 IST" name="afterMethod" finished-at="2022-07-26T22:58:41 IST" duration-ms="0" status="PASS">
          <params>
            <param index="0">
              <value>
                <![CDATA[[TestResult name=validateManagePagesSearchOptionWithPageName status=SUCCESS method=ManagePages.validateManagePagesSearchOptionWithPageName()[pri:1, instance:testCases.ManagePages@5b1669c0] output={null}]]]>
              </value>
            </param>
          </params>
          <reporter-output>
          </reporter-output>
        </test-method> <!-- afterMethod -->
        <test-method signature="validateTextBoxesinAddNewPageOption()[pri:2, instance:testCases.ManagePages@5b1669c0]" started-at="2022-07-26T22:58:41 IST" name="validateTextBoxesinAddNewPageOption" finished-at="2022-07-26T22:58:42 IST" duration-ms="1802" status="PASS">
          <reporter-output>
          </reporter-output>
        </test-method> <!-- validateTextBoxesinAddNewPageOption -->
        <test-method is-config="true" signature="afterMethod(org.testng.ITestResult)[pri:0, instance:testCases.ManagePages@5b1669c0]" started-at="2022-07-26T22:58:42 IST" name="afterMethod" finished-at="2022-07-26T22:58:42 IST" duration-ms="0" status="PASS">
          <params>
            <param index="0">
              <value>
                <![CDATA[[TestResult name=validateTextBoxesinAddNewPageOption status=SUCCESS method=ManagePages.validateTextBoxesinAddNewPageOption()[pri:2, instance:testCases.ManagePages@5b1669c0] output={null}]]]>
              </value>
            </param>
          </params>
          <reporter-output>
          </reporter-output>
        </test-method> <!-- afterMethod -->
        <test-method is-config="true" signature="beforeMethod()[pri:0, instance:testCases.ManagePages@5b1669c0]" started-at="2022-07-26T22:58:42 IST" name="beforeMethod" finished-at="2022-07-26T22:58:42 IST" duration-ms="1" status="PASS">
          <reporter-output>
          </reporter-output>
        </test-method> <!-- beforeMethod -->
        <test-method signature="validateUploadImagesinAddNewPageOption()[pri:3, instance:testCases.ManagePages@5b1669c0]" started-at="2022-07-26T22:58:42 IST" name="validateUploadImagesinAddNewPageOption" finished-at="2022-07-26T22:58:43 IST" duration-ms="471" status="PASS">
          <reporter-output>
          </reporter-output>
        </test-method> <!-- validateUploadImagesinAddNewPageOption -->
        <test-method is-config="true" signature="afterMethod(org.testng.ITestResult)[pri:0, instance:testCases.ManagePages@5b1669c0]" started-at="2022-07-26T22:58:43 IST" name="afterMethod" finished-at="2022-07-26T22:58:43 IST" duration-ms="1" status="PASS">
          <params>
            <param index="0">
              <value>
                <![CDATA[[TestResult name=validateUploadImagesinAddNewPageOption status=SUCCESS method=ManagePages.validateUploadImagesinAddNewPageOption()[pri:3, instance:testCases.ManagePages@5b1669c0] output={null}]]]>
              </value>
            </param>
          </params>
          <reporter-output>
          </reporter-output>
        </test-method> <!-- afterMethod -->
        <test-method is-config="true" signature="beforeMethod()[pri:0, instance:testCases.ManagePages@5b1669c0]" started-at="2022-07-26T22:58:43 IST" name="beforeMethod" finished-at="2022-07-26T22:58:43 IST" duration-ms="1" status="PASS">
          <reporter-output>
          </reporter-output>
        </test-method> <!-- beforeMethod -->
        <test-method signature="validateDeleteButton()[pri:4, instance:testCases.ManagePages@5b1669c0]" started-at="2022-07-26T22:58:43 IST" name="validateDeleteButton" finished-at="2022-07-26T22:58:44 IST" duration-ms="679" status="PASS">
          <reporter-output>
          </reporter-output>
        </test-method> <!-- validateDeleteButton -->
        <test-method is-config="true" signature="afterClass()[pri:0, instance:testCases.ManagePages@5b1669c0]" started-at="2022-07-26T22:58:44 IST" name="afterClass" finished-at="2022-07-26T22:58:44 IST" duration-ms="272" status="PASS">
          <reporter-output>
          </reporter-output>
        </test-method> <!-- afterClass -->
        <test-method is-config="true" signature="afterMethod(org.testng.ITestResult)[pri:0, instance:testCases.ManagePages@5b1669c0]" started-at="2022-07-26T22:58:44 IST" name="afterMethod" finished-at="2022-07-26T22:58:44 IST" duration-ms="0" status="PASS">
          <params>
            <param index="0">
              <value>
                <![CDATA[[TestResult name=validateDeleteButton status=SUCCESS method=ManagePages.validateDeleteButton()[pri:4, instance:testCases.ManagePages@5b1669c0] output={null}]]]>
              </value>
            </param>
          </params>
          <reporter-output>
          </reporter-output>
        </test-method> <!-- afterMethod -->
      </class> <!-- testCases.ManagePages -->
      <class name="testCases.Login">
        <test-method is-config="true" signature="beforeTest()[pri:0, instance:testCases.Login@2a265ea9]" started-at="2022-07-26T22:58:21 IST" name="beforeTest" finished-at="2022-07-26T22:58:21 IST" duration-ms="23" status="PASS">
          <reporter-output>
          </reporter-output>
        </test-method> <!-- beforeTest -->
        <test-method is-config="true" signature="beforeClass(java.lang.String)[pri:0, instance:testCases.Login@2a265ea9]" started-at="2022-07-26T22:58:21 IST" name="beforeClass" finished-at="2022-07-26T22:58:26 IST" duration-ms="4032" status="PASS">
          <params>
            <param index="0">
              <value>
                <![CDATA[chrome]]>
              </value>
            </param>
          </params>
          <reporter-output>
          </reporter-output>
        </test-method> <!-- beforeClass -->
        <test-method is-config="true" signature="beforeMethod()[pri:0, instance:testCases.Login@2a265ea9]" started-at="2022-07-26T22:58:26 IST" name="beforeMethod" finished-at="2022-07-26T22:58:26 IST" duration-ms="0" status="PASS">
          <reporter-output>
          </reporter-output>
        </test-method> <!-- beforeMethod -->
        <test-method signature="validateLoginWithPasswordAlone()[pri:1, instance:testCases.Login@2a265ea9]" started-at="2022-07-26T22:58:26 IST" name="validateLoginWithPasswordAlone" finished-at="2022-07-26T22:58:27 IST" duration-ms="1104" status="PASS">
          <reporter-output>
          </reporter-output>
        </test-method> <!-- validateLoginWithPasswordAlone -->
        <test-method is-config="true" signature="afterMethod(org.testng.ITestResult)[pri:0, instance:testCases.Login@2a265ea9]" started-at="2022-07-26T22:58:27 IST" name="afterMethod" finished-at="2022-07-26T22:58:27 IST" duration-ms="1" status="PASS">
          <params>
            <param index="0">
              <value>
                <![CDATA[[TestResult name=validateLoginWithPasswordAlone status=SUCCESS method=Login.validateLoginWithPasswordAlone()[pri:1, instance:testCases.Login@2a265ea9] output={null}]]]>
              </value>
            </param>
          </params>
          <reporter-output>
          </reporter-output>
        </test-method> <!-- afterMethod -->
        <test-method is-config="true" signature="beforeMethod()[pri:0, instance:testCases.Login@2a265ea9]" started-at="2022-07-26T22:58:27 IST" name="beforeMethod" finished-at="2022-07-26T22:58:27 IST" duration-ms="0" status="PASS">
          <reporter-output>
          </reporter-output>
        </test-method> <!-- beforeMethod -->
        <test-method signature="validateLoginWithUserNameAlone()[pri:2, instance:testCases.Login@2a265ea9]" started-at="2022-07-26T22:58:27 IST" name="validateLoginWithUserNameAlone" finished-at="2022-07-26T22:58:27 IST" duration-ms="780" status="PASS">
          <reporter-output>
          </reporter-output>
        </test-method> <!-- validateLoginWithUserNameAlone -->
        <test-method is-config="true" signature="afterMethod(org.testng.ITestResult)[pri:0, instance:testCases.Login@2a265ea9]" started-at="2022-07-26T22:58:27 IST" name="afterMethod" finished-at="2022-07-26T22:58:27 IST" duration-ms="0" status="PASS">
          <params>
            <param index="0">
              <value>
                <![CDATA[[TestResult name=validateLoginWithUserNameAlone status=SUCCESS method=Login.validateLoginWithUserNameAlone()[pri:2, instance:testCases.Login@2a265ea9] output={null}]]]>
              </value>
            </param>
          </params>
          <reporter-output>
          </reporter-output>
        </test-method> <!-- afterMethod -->
        <test-method is-config="true" signature="beforeMethod()[pri:0, instance:testCases.Login@2a265ea9]" started-at="2022-07-26T22:58:27 IST" name="beforeMethod" finished-at="2022-07-26T22:58:27 IST" duration-ms="1" status="PASS">
          <reporter-output>
          </reporter-output>
        </test-method> <!-- beforeMethod -->
        <test-method signature="validateLoginWithCorrectUserNameAndPassword()[pri:3, instance:testCases.Login@2a265ea9]" started-at="2022-07-26T22:58:27 IST" name="validateLoginWithCorrectUserNameAndPassword" finished-at="2022-07-26T22:58:30 IST" duration-ms="2367" status="PASS">
          <reporter-output>
          </reporter-output>
        </test-method> <!-- validateLoginWithCorrectUserNameAndPassword -->
        <test-method is-config="true" signature="afterMethod(org.testng.ITestResult)[pri:0, instance:testCases.Login@2a265ea9]" started-at="2022-07-26T22:58:30 IST" name="afterMethod" finished-at="2022-07-26T22:58:30 IST" duration-ms="0" status="PASS">
          <params>
            <param index="0">
              <value>
                <![CDATA[[TestResult name=validateLoginWithCorrectUserNameAndPassword status=SUCCESS method=Login.validateLoginWithCorrectUserNameAndPassword()[pri:3, instance:testCases.Login@2a265ea9] output={null}]]]>
              </value>
            </param>
          </params>
          <reporter-output>
          </reporter-output>
        </test-method> <!-- afterMethod -->
        <test-method signature="validateRememberMebuttonBeforeClick()[pri:4, instance:testCases.Login@2a265ea9]" started-at="2022-07-26T22:58:30 IST" name="validateRememberMebuttonBeforeClick" finished-at="2022-07-26T22:58:30 IST" duration-ms="236" status="PASS">
          <reporter-output>
          </reporter-output>
        </test-method> <!-- validateRememberMebuttonBeforeClick -->
        <test-method is-config="true" signature="beforeMethod()[pri:0, instance:testCases.Login@2a265ea9]" started-at="2022-07-26T22:58:30 IST" name="beforeMethod" finished-at="2022-07-26T22:58:30 IST" duration-ms="0" status="PASS">
          <reporter-output>
          </reporter-output>
        </test-method> <!-- beforeMethod -->
        <test-method is-config="true" signature="afterMethod(org.testng.ITestResult)[pri:0, instance:testCases.Login@2a265ea9]" started-at="2022-07-26T22:58:30 IST" name="afterMethod" finished-at="2022-07-26T22:58:30 IST" duration-ms="1" status="PASS">
          <params>
            <param index="0">
              <value>
                <![CDATA[[TestResult name=validateRememberMebuttonBeforeClick status=SUCCESS method=Login.validateRememberMebuttonBeforeClick()[pri:4, instance:testCases.Login@2a265ea9] output={null}]]]>
              </value>
            </param>
          </params>
          <reporter-output>
          </reporter-output>
        </test-method> <!-- afterMethod -->
        <test-method signature="validateRememberMebuttonAfterClick()[pri:5, instance:testCases.Login@2a265ea9]" started-at="2022-07-26T22:58:30 IST" name="validateRememberMebuttonAfterClick" finished-at="2022-07-26T22:58:30 IST" duration-ms="410" status="PASS">
          <reporter-output>
          </reporter-output>
        </test-method> <!-- validateRememberMebuttonAfterClick -->
        <test-method is-config="true" signature="beforeMethod()[pri:0, instance:testCases.Login@2a265ea9]" started-at="2022-07-26T22:58:30 IST" name="beforeMethod" finished-at="2022-07-26T22:58:30 IST" duration-ms="0" status="PASS">
          <reporter-output>
          </reporter-output>
        </test-method> <!-- beforeMethod -->
        <test-method is-config="true" signature="afterMethod(org.testng.ITestResult)[pri:0, instance:testCases.Login@2a265ea9]" started-at="2022-07-26T22:58:30 IST" name="afterMethod" finished-at="2022-07-26T22:58:30 IST" duration-ms="4" status="PASS">
          <params>
            <param index="0">
              <value>
                <![CDATA[[TestResult name=validateRememberMebuttonAfterClick status=SUCCESS method=Login.validateRememberMebuttonAfterClick()[pri:5, instance:testCases.Login@2a265ea9] output={null}]]]>
              </value>
            </param>
          </params>
          <reporter-output>
          </reporter-output>
        </test-method> <!-- afterMethod -->
        <test-method is-config="true" signature="beforeMethod()[pri:0, instance:testCases.Login@2a265ea9]" started-at="2022-07-26T22:58:30 IST" name="beforeMethod" finished-at="2022-07-26T22:58:30 IST" duration-ms="1" status="PASS">
          <reporter-output>
          </reporter-output>
        </test-method> <!-- beforeMethod -->
        <test-method signature="validateLoginWithInvalidUserName()[pri:6, instance:testCases.Login@2a265ea9]" started-at="2022-07-26T22:58:30 IST" name="validateLoginWithInvalidUserName" finished-at="2022-07-26T22:58:32 IST" duration-ms="1424" status="PASS">
          <reporter-output>
          </reporter-output>
        </test-method> <!-- validateLoginWithInvalidUserName -->
        <test-method is-config="true" signature="afterMethod(org.testng.ITestResult)[pri:0, instance:testCases.Login@2a265ea9]" started-at="2022-07-26T22:58:32 IST" name="afterMethod" finished-at="2022-07-26T22:58:32 IST" duration-ms="1" status="PASS">
          <params>
            <param index="0">
              <value>
                <![CDATA[[TestResult name=validateLoginWithInvalidUserName status=SUCCESS method=Login.validateLoginWithInvalidUserName()[pri:6, instance:testCases.Login@2a265ea9] output={null}]]]>
              </value>
            </param>
          </params>
          <reporter-output>
          </reporter-output>
        </test-method> <!-- afterMethod -->
        <test-method is-config="true" signature="beforeMethod()[pri:0, instance:testCases.Login@2a265ea9]" started-at="2022-07-26T22:58:32 IST" name="beforeMethod" finished-at="2022-07-26T22:58:32 IST" duration-ms="1" status="PASS">
          <reporter-output>
          </reporter-output>
        </test-method> <!-- beforeMethod -->
        <test-method signature="validateLoginWithInvalidPassword()[pri:7, instance:testCases.Login@2a265ea9]" started-at="2022-07-26T22:58:32 IST" name="validateLoginWithInvalidPassword" finished-at="2022-07-26T22:58:33 IST" duration-ms="1170" status="PASS">
          <reporter-output>
          </reporter-output>
        </test-method> <!-- validateLoginWithInvalidPassword -->
        <test-method is-config="true" signature="afterMethod(org.testng.ITestResult)[pri:0, instance:testCases.Login@2a265ea9]" started-at="2022-07-26T22:58:33 IST" name="afterMethod" finished-at="2022-07-26T22:58:33 IST" duration-ms="0" status="PASS">
          <params>
            <param index="0">
              <value>
                <![CDATA[[TestResult name=validateLoginWithInvalidPassword status=SUCCESS method=Login.validateLoginWithInvalidPassword()[pri:7, instance:testCases.Login@2a265ea9] output={null}]]]>
              </value>
            </param>
          </params>
          <reporter-output>
          </reporter-output>
        </test-method> <!-- afterMethod -->
        <test-method is-config="true" signature="afterClass()[pri:0, instance:testCases.Login@2a265ea9]" started-at="2022-07-26T22:58:33 IST" name="afterClass" finished-at="2022-07-26T22:58:33 IST" duration-ms="282" status="PASS">
          <reporter-output>
          </reporter-output>
        </test-method> <!-- afterClass -->
        <test-method is-config="true" signature="afterTest()[pri:0, instance:testCases.Login@2a265ea9]" started-at="2022-07-26T22:58:51 IST" name="afterTest" finished-at="2022-07-26T22:58:51 IST" duration-ms="66" status="PASS">
          <reporter-output>
          </reporter-output>
        </test-method> <!-- afterTest -->
      </class> <!-- testCases.Login -->
      <class name="testCases.AdminUsers">
        <test-method is-config="true" signature="beforeClass(java.lang.String)[pri:0, instance:testCases.AdminUsers@78e4deb0]" started-at="2022-07-26T22:58:44 IST" name="beforeClass" finished-at="2022-07-26T22:58:46 IST" duration-ms="2442" status="PASS">
          <params>
            <param index="0">
              <value>
                <![CDATA[chrome]]>
              </value>
            </param>
          </params>
          <reporter-output>
          </reporter-output>
        </test-method> <!-- beforeClass -->
        <test-method signature="validateAddNewPageOption()[pri:1, instance:testCases.AdminUsers@78e4deb0]" started-at="2022-07-26T22:58:46 IST" name="validateAddNewPageOption" finished-at="2022-07-26T22:58:50 IST" duration-ms="4028" status="PASS">
          <reporter-output>
          </reporter-output>
        </test-method> <!-- validateAddNewPageOption -->
        <test-method is-config="true" signature="beforeMethod()[pri:0, instance:testCases.AdminUsers@78e4deb0]" started-at="2022-07-26T22:58:46 IST" name="beforeMethod" finished-at="2022-07-26T22:58:46 IST" duration-ms="0" status="PASS">
          <reporter-output>
          </reporter-output>
        </test-method> <!-- beforeMethod -->
        <test-method is-config="true" signature="afterMethod(org.testng.ITestResult)[pri:0, instance:testCases.AdminUsers@78e4deb0]" started-at="2022-07-26T22:58:50 IST" name="afterMethod" finished-at="2022-07-26T22:58:50 IST" duration-ms="1" status="PASS">
          <params>
            <param index="0">
              <value>
                <![CDATA[[TestResult name=validateAddNewPageOption status=SUCCESS method=AdminUsers.validateAddNewPageOption()[pri:1, instance:testCases.AdminUsers@78e4deb0] output={null}]]]>
              </value>
            </param>
          </params>
          <reporter-output>
          </reporter-output>
        </test-method> <!-- afterMethod -->
        <test-method signature="validateDeletePageOption()[pri:2, instance:testCases.AdminUsers@78e4deb0]" started-at="2022-07-26T22:58:50 IST" name="validateDeletePageOption" finished-at="2022-07-26T22:58:51 IST" duration-ms="601" status="PASS">
          <reporter-output>
          </reporter-output>
        </test-method> <!-- validateDeletePageOption -->
        <test-method is-config="true" signature="beforeMethod()[pri:0, instance:testCases.AdminUsers@78e4deb0]" started-at="2022-07-26T22:58:50 IST" name="beforeMethod" finished-at="2022-07-26T22:58:50 IST" duration-ms="0" status="PASS">
          <reporter-output>
          </reporter-output>
        </test-method> <!-- beforeMethod -->
        <test-method is-config="true" signature="afterClass()[pri:0, instance:testCases.AdminUsers@78e4deb0]" started-at="2022-07-26T22:58:51 IST" name="afterClass" finished-at="2022-07-26T22:58:51 IST" duration-ms="219" status="PASS">
          <reporter-output>
          </reporter-output>
        </test-method> <!-- afterClass -->
        <test-method is-config="true" signature="afterMethod(org.testng.ITestResult)[pri:0, instance:testCases.AdminUsers@78e4deb0]" started-at="2022-07-26T22:58:51 IST" name="afterMethod" finished-at="2022-07-26T22:58:51 IST" duration-ms="0" status="PASS">
          <params>
            <param index="0">
              <value>
                <![CDATA[[TestResult name=validateDeletePageOption status=SUCCESS method=AdminUsers.validateDeletePageOption()[pri:2, instance:testCases.AdminUsers@78e4deb0] output={null}]]]>
              </value>
            </param>
          </params>
          <reporter-output>
          </reporter-output>
        </test-method> <!-- afterMethod -->
      </class> <!-- testCases.AdminUsers -->
    </test> <!-- ChromeTest -->
  </suite> <!-- Suite -->
</testng-results>
