<?xml version="1.0" encoding="UTF-8"?>
<testng-results ignored="6" total="32" passed="26" failed="0" skipped="0">
  <reporter-output>
  </reporter-output>
  <suite started-at="2022-07-30T22:26:19 IST" name="Suite" finished-at="2022-07-30T22:27:09 IST" duration-ms="50440">
    <groups>
    </groups>
    <test started-at="2022-07-30T22:26:19 IST" name="ChromeTest" finished-at="2022-07-30T22:27:09 IST" duration-ms="50440">
      <class name="testCases.ManagedeliveryBoy">
        <test-method is-config="true" signature="beforeClass(java.lang.String)[pri:0, instance:testCases.ManagedeliveryBoy@1ca3b418]" started-at="2022-07-30T22:26:54 IST" name="beforeClass" finished-at="2022-07-30T22:26:57 IST" duration-ms="2325" status="PASS">
          <params>
            <param index="0">
              <value>
                <![CDATA[chrome]]>
              </value>
            </param>
          </params>
          <reporter-output>
          </reporter-output>
        </test-method> <!-- beforeClass -->
        <test-method signature="validateAddNewDeliveryBoy()[pri:1, instance:testCases.ManagedeliveryBoy@1ca3b418]" started-at="2022-07-30T22:26:57 IST" name="validateAddNewDeliveryBoy" finished-at="2022-07-30T22:27:01 IST" duration-ms="4924" status="PASS">
          <reporter-output>
          </reporter-output>
        </test-method> <!-- validateAddNewDeliveryBoy -->
        <test-method is-config="true" signature="beforeMethod()[pri:0, instance:testCases.ManagedeliveryBoy@1ca3b418]" started-at="2022-07-30T22:26:57 IST" name="beforeMethod" finished-at="2022-07-30T22:26:57 IST" duration-ms="0" status="PASS">
          <reporter-output>
          </reporter-output>
        </test-method> <!-- beforeMethod -->
        <test-method is-config="true" signature="afterMethod(org.testng.ITestResult)[pri:0, instance:testCases.ManagedeliveryBoy@1ca3b418]" started-at="2022-07-30T22:27:01 IST" name="afterMethod" finished-at="2022-07-30T22:27:01 IST" duration-ms="1" status="PASS">
          <params>
            <param index="0">
              <value>
                <![CDATA[[TestResult name=validateAddNewDeliveryBoy status=SUCCESS method=ManagedeliveryBoy.validateAddNewDeliveryBoy()[pri:1, instance:testCases.ManagedeliveryBoy@1ca3b418] output={null}]]]>
              </value>
            </param>
          </params>
          <reporter-output>
          </reporter-output>
        </test-method> <!-- afterMethod -->
        <test-method is-config="true" signature="beforeMethod()[pri:0, instance:testCases.ManagedeliveryBoy@1ca3b418]" started-at="2022-07-30T22:27:01 IST" name="beforeMethod" finished-at="2022-07-30T22:27:01 IST" duration-ms="0" status="PASS">
          <reporter-output>
          </reporter-output>
        </test-method> <!-- beforeMethod -->
        <test-method signature="validateSearchDeliveryBoyWithValidName()[pri:2, instance:testCases.ManagedeliveryBoy@1ca3b418]" started-at="2022-07-30T22:27:01 IST" name="validateSearchDeliveryBoyWithValidName" finished-at="2022-07-30T22:27:03 IST" duration-ms="1194" status="PASS">
          <reporter-output>
          </reporter-output>
        </test-method> <!-- validateSearchDeliveryBoyWithValidName -->
        <test-method is-config="true" signature="afterMethod(org.testng.ITestResult)[pri:0, instance:testCases.ManagedeliveryBoy@1ca3b418]" started-at="2022-07-30T22:27:03 IST" name="afterMethod" finished-at="2022-07-30T22:27:03 IST" duration-ms="1" status="PASS">
          <params>
            <param index="0">
              <value>
                <![CDATA[[TestResult name=validateSearchDeliveryBoyWithValidName status=SUCCESS method=ManagedeliveryBoy.validateSearchDeliveryBoyWithValidName()[pri:2, instance:testCases.ManagedeliveryBoy@1ca3b418] output={null}]]]>
              </value>
            </param>
          </params>
          <reporter-output>
          </reporter-output>
        </test-method> <!-- afterMethod -->
        <test-method is-config="true" signature="beforeMethod()[pri:0, instance:testCases.ManagedeliveryBoy@1ca3b418]" started-at="2022-07-30T22:27:03 IST" name="beforeMethod" finished-at="2022-07-30T22:27:03 IST" duration-ms="1" status="PASS">
          <reporter-output>
          </reporter-output>
        </test-method> <!-- beforeMethod -->
        <test-method signature="validateSearchDeliveryBoyWithValidPhoneNumber()[pri:3, instance:testCases.ManagedeliveryBoy@1ca3b418]" started-at="2022-07-30T22:27:03 IST" name="validateSearchDeliveryBoyWithValidPhoneNumber" finished-at="2022-07-30T22:27:04 IST" duration-ms="1295" status="PASS">
          <reporter-output>
          </reporter-output>
        </test-method> <!-- validateSearchDeliveryBoyWithValidPhoneNumber -->
        <test-method is-config="true" signature="afterMethod(org.testng.ITestResult)[pri:0, instance:testCases.ManagedeliveryBoy@1ca3b418]" started-at="2022-07-30T22:27:04 IST" name="afterMethod" finished-at="2022-07-30T22:27:04 IST" duration-ms="1" status="PASS">
          <params>
            <param index="0">
              <value>
                <![CDATA[[TestResult name=validateSearchDeliveryBoyWithValidPhoneNumber status=SUCCESS method=ManagedeliveryBoy.validateSearchDeliveryBoyWithValidPhoneNumber()[pri:3, instance:testCases.ManagedeliveryBoy@1ca3b418] output={null}]]]>
              </value>
            </param>
          </params>
          <reporter-output>
          </reporter-output>
        </test-method> <!-- afterMethod -->
        <test-method signature="validateSearchDeliveryBoyWithValidEmail()[pri:4, instance:testCases.ManagedeliveryBoy@1ca3b418]" started-at="2022-07-30T22:27:04 IST" name="validateSearchDeliveryBoyWithValidEmail" finished-at="2022-07-30T22:27:05 IST" duration-ms="1180" status="PASS">
          <reporter-output>
          </reporter-output>
        </test-method> <!-- validateSearchDeliveryBoyWithValidEmail -->
        <test-method is-config="true" signature="beforeMethod()[pri:0, instance:testCases.ManagedeliveryBoy@1ca3b418]" started-at="2022-07-30T22:27:04 IST" name="beforeMethod" finished-at="2022-07-30T22:27:04 IST" duration-ms="0" status="PASS">
          <reporter-output>
          </reporter-output>
        </test-method> <!-- beforeMethod -->
        <test-method is-config="true" signature="afterMethod(org.testng.ITestResult)[pri:0, instance:testCases.ManagedeliveryBoy@1ca3b418]" started-at="2022-07-30T22:27:05 IST" name="afterMethod" finished-at="2022-07-30T22:27:05 IST" duration-ms="1" status="PASS">
          <params>
            <param index="0">
              <value>
                <![CDATA[[TestResult name=validateSearchDeliveryBoyWithValidEmail status=SUCCESS method=ManagedeliveryBoy.validateSearchDeliveryBoyWithValidEmail()[pri:4, instance:testCases.ManagedeliveryBoy@1ca3b418] output={null}]]]>
              </value>
            </param>
          </params>
          <reporter-output>
          </reporter-output>
        </test-method> <!-- afterMethod -->
        <test-method signature="validateSearchDeliveryBoyWithInvalidName()[pri:5, instance:testCases.ManagedeliveryBoy@1ca3b418]" started-at="2022-07-30T22:27:05 IST" name="validateSearchDeliveryBoyWithInvalidName" finished-at="2022-07-30T22:27:06 IST" duration-ms="1059" status="PASS">
          <reporter-output>
          </reporter-output>
        </test-method> <!-- validateSearchDeliveryBoyWithInvalidName -->
        <test-method is-config="true" signature="beforeMethod()[pri:0, instance:testCases.ManagedeliveryBoy@1ca3b418]" started-at="2022-07-30T22:27:05 IST" name="beforeMethod" finished-at="2022-07-30T22:27:05 IST" duration-ms="0" status="PASS">
          <reporter-output>
          </reporter-output>
        </test-method> <!-- beforeMethod -->
        <test-method signature="validateSearchDeliveryBoyWithInvalidPhoneNumber()[pri:6, instance:testCases.ManagedeliveryBoy@1ca3b418]" started-at="2022-07-30T22:27:06 IST" name="validateSearchDeliveryBoyWithInvalidPhoneNumber" finished-at="2022-07-30T22:27:07 IST" duration-ms="969" status="PASS">
          <reporter-output>
          </reporter-output>
        </test-method> <!-- validateSearchDeliveryBoyWithInvalidPhoneNumber -->
        <test-method is-config="true" signature="beforeMethod()[pri:0, instance:testCases.ManagedeliveryBoy@1ca3b418]" started-at="2022-07-30T22:27:06 IST" name="beforeMethod" finished-at="2022-07-30T22:27:06 IST" duration-ms="0" status="PASS">
          <reporter-output>
          </reporter-output>
        </test-method> <!-- beforeMethod -->
        <test-method is-config="true" signature="afterMethod(org.testng.ITestResult)[pri:0, instance:testCases.ManagedeliveryBoy@1ca3b418]" started-at="2022-07-30T22:27:06 IST" name="afterMethod" finished-at="2022-07-30T22:27:06 IST" duration-ms="0" status="PASS">
          <params>
            <param index="0">
              <value>
                <![CDATA[[TestResult name=validateSearchDeliveryBoyWithInvalidName status=SUCCESS method=ManagedeliveryBoy.validateSearchDeliveryBoyWithInvalidName()[pri:5, instance:testCases.ManagedeliveryBoy@1ca3b418] output={null}]]]>
              </value>
            </param>
          </params>
          <reporter-output>
          </reporter-output>
        </test-method> <!-- afterMethod -->
        <test-method is-config="true" signature="afterMethod(org.testng.ITestResult)[pri:0, instance:testCases.ManagedeliveryBoy@1ca3b418]" started-at="2022-07-30T22:27:07 IST" name="afterMethod" finished-at="2022-07-30T22:27:07 IST" duration-ms="0" status="PASS">
          <params>
            <param index="0">
              <value>
                <![CDATA[[TestResult name=validateSearchDeliveryBoyWithInvalidPhoneNumber status=SUCCESS method=ManagedeliveryBoy.validateSearchDeliveryBoyWithInvalidPhoneNumber()[pri:6, instance:testCases.ManagedeliveryBoy@1ca3b418] output={null}]]]>
              </value>
            </param>
          </params>
          <reporter-output>
          </reporter-output>
        </test-method> <!-- afterMethod -->
        <test-method is-config="true" signature="beforeMethod()[pri:0, instance:testCases.ManagedeliveryBoy@1ca3b418]" started-at="2022-07-30T22:27:07 IST" name="beforeMethod" finished-at="2022-07-30T22:27:07 IST" duration-ms="1" status="PASS">
          <reporter-output>
          </reporter-output>
        </test-method> <!-- beforeMethod -->
        <test-method signature="validateSearchDeliveryBoyWithInvalidEmail()[pri:7, instance:testCases.ManagedeliveryBoy@1ca3b418]" started-at="2022-07-30T22:27:07 IST" name="validateSearchDeliveryBoyWithInvalidEmail" finished-at="2022-07-30T22:27:08 IST" duration-ms="1033" status="PASS">
          <reporter-output>
          </reporter-output>
        </test-method> <!-- validateSearchDeliveryBoyWithInvalidEmail -->
        <test-method is-config="true" signature="afterMethod(org.testng.ITestResult)[pri:0, instance:testCases.ManagedeliveryBoy@1ca3b418]" started-at="2022-07-30T22:27:08 IST" name="afterMethod" finished-at="2022-07-30T22:27:08 IST" duration-ms="1" status="PASS">
          <params>
            <param index="0">
              <value>
                <![CDATA[[TestResult name=validateSearchDeliveryBoyWithInvalidEmail status=SUCCESS method=ManagedeliveryBoy.validateSearchDeliveryBoyWithInvalidEmail()[pri:7, instance:testCases.ManagedeliveryBoy@1ca3b418] output={null}]]]>
              </value>
            </param>
          </params>
          <reporter-output>
          </reporter-output>
        </test-method> <!-- afterMethod -->
        <test-method signature="validateDeleteDeliveryBoy()[pri:8, instance:testCases.ManagedeliveryBoy@1ca3b418]" started-at="2022-07-30T22:27:08 IST" name="validateDeleteDeliveryBoy" finished-at="2022-07-30T22:27:09 IST" duration-ms="649" status="PASS">
          <reporter-output>
          </reporter-output>
        </test-method> <!-- validateDeleteDeliveryBoy -->
        <test-method is-config="true" signature="beforeMethod()[pri:0, instance:testCases.ManagedeliveryBoy@1ca3b418]" started-at="2022-07-30T22:27:08 IST" name="beforeMethod" finished-at="2022-07-30T22:27:08 IST" duration-ms="0" status="PASS">
          <reporter-output>
          </reporter-output>
        </test-method> <!-- beforeMethod -->
        <test-method is-config="true" signature="afterMethod(org.testng.ITestResult)[pri:0, instance:testCases.ManagedeliveryBoy@1ca3b418]" started-at="2022-07-30T22:27:09 IST" name="afterMethod" finished-at="2022-07-30T22:27:09 IST" duration-ms="0" status="PASS">
          <params>
            <param index="0">
              <value>
                <![CDATA[[TestResult name=validateDeleteDeliveryBoy status=SUCCESS method=ManagedeliveryBoy.validateDeleteDeliveryBoy()[pri:8, instance:testCases.ManagedeliveryBoy@1ca3b418] output={null}]]]>
              </value>
            </param>
          </params>
          <reporter-output>
          </reporter-output>
        </test-method> <!-- afterMethod -->
        <test-method is-config="true" signature="afterClass()[pri:0, instance:testCases.ManagedeliveryBoy@1ca3b418]" started-at="2022-07-30T22:27:09 IST" name="afterClass" finished-at="2022-07-30T22:27:09 IST" duration-ms="280" status="PASS">
          <reporter-output>
          </reporter-output>
        </test-method> <!-- afterClass -->
      </class> <!-- testCases.ManagedeliveryBoy -->
      <class name="testCases.ManagePages">
        <test-method is-config="true" signature="beforeClass(java.lang.String)[pri:0, instance:testCases.ManagePages@202b0582]" started-at="2022-07-30T22:26:30 IST" name="beforeClass" finished-at="2022-07-30T22:26:33 IST" duration-ms="2554" status="PASS">
          <params>
            <param index="0">
              <value>
                <![CDATA[chrome]]>
              </value>
            </param>
          </params>
          <reporter-output>
          </reporter-output>
        </test-method> <!-- beforeClass -->
        <test-method is-config="true" signature="beforeMethod()[pri:0, instance:testCases.ManagePages@202b0582]" started-at="2022-07-30T22:26:33 IST" name="beforeMethod" finished-at="2022-07-30T22:26:33 IST" duration-ms="1" status="PASS">
          <reporter-output>
          </reporter-output>
        </test-method> <!-- beforeMethod -->
        <test-method signature="validateManagePagesSearchOptionWithPageName()[pri:1, instance:testCases.ManagePages@202b0582]" started-at="2022-07-30T22:26:33 IST" name="validateManagePagesSearchOptionWithPageName" finished-at="2022-07-30T22:26:37 IST" duration-ms="4362" status="PASS">
          <reporter-output>
          </reporter-output>
        </test-method> <!-- validateManagePagesSearchOptionWithPageName -->
        <test-method is-config="true" signature="afterMethod(org.testng.ITestResult)[pri:0, instance:testCases.ManagePages@202b0582]" started-at="2022-07-30T22:26:37 IST" name="afterMethod" finished-at="2022-07-30T22:26:37 IST" duration-ms="1" status="PASS">
          <params>
            <param index="0">
              <value>
                <![CDATA[[TestResult name=validateManagePagesSearchOptionWithPageName status=SUCCESS method=ManagePages.validateManagePagesSearchOptionWithPageName()[pri:1, instance:testCases.ManagePages@202b0582] output={null}]]]>
              </value>
            </param>
          </params>
          <reporter-output>
          </reporter-output>
        </test-method> <!-- afterMethod -->
        <test-method is-config="true" signature="beforeMethod()[pri:0, instance:testCases.ManagePages@202b0582]" started-at="2022-07-30T22:26:37 IST" name="beforeMethod" finished-at="2022-07-30T22:26:37 IST" duration-ms="1" status="PASS">
          <reporter-output>
          </reporter-output>
        </test-method> <!-- beforeMethod -->
        <test-method signature="validateTextBoxesinAddNewPageOption()[pri:2, instance:testCases.ManagePages@202b0582]" started-at="2022-07-30T22:26:37 IST" name="validateTextBoxesinAddNewPageOption" finished-at="2022-07-30T22:26:39 IST" duration-ms="1733" status="PASS">
          <reporter-output>
          </reporter-output>
        </test-method> <!-- validateTextBoxesinAddNewPageOption -->
        <test-method is-config="true" signature="afterMethod(org.testng.ITestResult)[pri:0, instance:testCases.ManagePages@202b0582]" started-at="2022-07-30T22:26:39 IST" name="afterMethod" finished-at="2022-07-30T22:26:39 IST" duration-ms="1" status="PASS">
          <params>
            <param index="0">
              <value>
                <![CDATA[[TestResult name=validateTextBoxesinAddNewPageOption status=SUCCESS method=ManagePages.validateTextBoxesinAddNewPageOption()[pri:2, instance:testCases.ManagePages@202b0582] output={null}]]]>
              </value>
            </param>
          </params>
          <reporter-output>
          </reporter-output>
        </test-method> <!-- afterMethod -->
        <test-method is-config="true" signature="beforeMethod()[pri:0, instance:testCases.ManagePages@202b0582]" started-at="2022-07-30T22:26:39 IST" name="beforeMethod" finished-at="2022-07-30T22:26:39 IST" duration-ms="0" status="PASS">
          <reporter-output>
          </reporter-output>
        </test-method> <!-- beforeMethod -->
        <test-method signature="validateUploadImagesinAddNewPageOption()[pri:3, instance:testCases.ManagePages@202b0582]" started-at="2022-07-30T22:26:39 IST" name="validateUploadImagesinAddNewPageOption" finished-at="2022-07-30T22:26:39 IST" duration-ms="371" status="PASS">
          <reporter-output>
          </reporter-output>
        </test-method> <!-- validateUploadImagesinAddNewPageOption -->
        <test-method is-config="true" signature="afterMethod(org.testng.ITestResult)[pri:0, instance:testCases.ManagePages@202b0582]" started-at="2022-07-30T22:26:39 IST" name="afterMethod" finished-at="2022-07-30T22:26:39 IST" duration-ms="1" status="PASS">
          <params>
            <param index="0">
              <value>
                <![CDATA[[TestResult name=validateUploadImagesinAddNewPageOption status=SUCCESS method=ManagePages.validateUploadImagesinAddNewPageOption()[pri:3, instance:testCases.ManagePages@202b0582] output={null}]]]>
              </value>
            </param>
          </params>
          <reporter-output>
          </reporter-output>
        </test-method> <!-- afterMethod -->
        <test-method is-config="true" signature="beforeMethod()[pri:0, instance:testCases.ManagePages@202b0582]" started-at="2022-07-30T22:26:39 IST" name="beforeMethod" finished-at="2022-07-30T22:26:39 IST" duration-ms="0" status="PASS">
          <reporter-output>
          </reporter-output>
        </test-method> <!-- beforeMethod -->
        <test-method signature="validateDeleteButton()[pri:4, instance:testCases.ManagePages@202b0582]" started-at="2022-07-30T22:26:39 IST" name="validateDeleteButton" finished-at="2022-07-30T22:26:40 IST" duration-ms="654" status="PASS">
          <reporter-output>
          </reporter-output>
        </test-method> <!-- validateDeleteButton -->
        <test-method is-config="true" signature="afterMethod(org.testng.ITestResult)[pri:0, instance:testCases.ManagePages@202b0582]" started-at="2022-07-30T22:26:40 IST" name="afterMethod" finished-at="2022-07-30T22:26:40 IST" duration-ms="0" status="PASS">
          <params>
            <param index="0">
              <value>
                <![CDATA[[TestResult name=validateDeleteButton status=SUCCESS method=ManagePages.validateDeleteButton()[pri:4, instance:testCases.ManagePages@202b0582] output={null}]]]>
              </value>
            </param>
          </params>
          <reporter-output>
          </reporter-output>
        </test-method> <!-- afterMethod -->
        <test-method is-config="true" signature="beforeMethod()[pri:0, instance:testCases.ManagePages@202b0582]" started-at="2022-07-30T22:26:40 IST" name="beforeMethod" finished-at="2022-07-30T22:26:40 IST" duration-ms="1" status="PASS">
          <reporter-output>
          </reporter-output>
        </test-method> <!-- beforeMethod -->
        <test-method signature="validateAddNewPageOption(java.lang.String,java.lang.String,java.lang.String)[pri:5, instance:testCases.ManagePages@202b0582]" started-at="2022-07-30T22:26:40 IST" name="validateAddNewPageOption" data-provider="manage pages" finished-at="2022-07-30T22:26:44 IST" duration-ms="3944" status="PASS">
          <params>
            <param index="0">
              <value>
                <![CDATA[Flowers]]>
              </value>
            </param>
            <param index="1">
              <value>
                <![CDATA[Flowers]]>
              </value>
            </param>
            <param index="2">
              <value>
                <![CDATA[Roses are Red Flowers]]>
              </value>
            </param>
          </params>
          <reporter-output>
          </reporter-output>
        </test-method> <!-- validateAddNewPageOption -->
        <test-method is-config="true" signature="afterMethod(org.testng.ITestResult)[pri:0, instance:testCases.ManagePages@202b0582]" started-at="2022-07-30T22:26:44 IST" name="afterMethod" finished-at="2022-07-30T22:26:44 IST" duration-ms="0" status="PASS">
          <params>
            <param index="0">
              <value>
                <![CDATA[[TestResult name=validateAddNewPageOption status=SUCCESS method=ManagePages.validateAddNewPageOption(java.lang.String,java.lang.String,java.lang.String)[pri:5, instance:testCases.ManagePages@202b0582] output={null}]]]>
              </value>
            </param>
          </params>
          <reporter-output>
          </reporter-output>
        </test-method> <!-- afterMethod -->
        <test-method is-config="true" signature="afterClass()[pri:0, instance:testCases.ManagePages@202b0582]" started-at="2022-07-30T22:26:44 IST" name="afterClass" finished-at="2022-07-30T22:26:44 IST" duration-ms="221" status="PASS">
          <reporter-output>
          </reporter-output>
        </test-method> <!-- afterClass -->
      </class> <!-- testCases.ManagePages -->
      <class name="testCases.Login">
        <test-method is-config="true" signature="beforeTest()[pri:0, instance:testCases.Login@793f29ff]" started-at="2022-07-30T22:26:19 IST" name="beforeTest" finished-at="2022-07-30T22:26:19 IST" duration-ms="44" status="PASS">
          <reporter-output>
          </reporter-output>
        </test-method> <!-- beforeTest -->
        <test-method is-config="true" signature="beforeClass(java.lang.String)[pri:0, instance:testCases.Login@793f29ff]" started-at="2022-07-30T22:26:19 IST" name="beforeClass" finished-at="2022-07-30T22:26:23 IST" duration-ms="3914" status="PASS">
          <params>
            <param index="0">
              <value>
                <![CDATA[chrome]]>
              </value>
            </param>
          </params>
          <reporter-output>
          </reporter-output>
        </test-method> <!-- beforeClass -->
        <test-method is-config="true" signature="beforeMethod()[pri:0, instance:testCases.Login@793f29ff]" started-at="2022-07-30T22:26:23 IST" name="beforeMethod" finished-at="2022-07-30T22:26:23 IST" duration-ms="1" status="PASS">
          <reporter-output>
          </reporter-output>
        </test-method> <!-- beforeMethod -->
        <test-method signature="validateLoginWithPasswordAlone()[pri:1, instance:testCases.Login@793f29ff]" started-at="2022-07-30T22:26:23 IST" name="validateLoginWithPasswordAlone" finished-at="2022-07-30T22:26:24 IST" duration-ms="1101" status="PASS">
          <reporter-output>
          </reporter-output>
        </test-method> <!-- validateLoginWithPasswordAlone -->
        <test-method is-config="true" signature="afterMethod(org.testng.ITestResult)[pri:0, instance:testCases.Login@793f29ff]" started-at="2022-07-30T22:26:24 IST" name="afterMethod" finished-at="2022-07-30T22:26:24 IST" duration-ms="2" status="PASS">
          <params>
            <param index="0">
              <value>
                <![CDATA[[TestResult name=validateLoginWithPasswordAlone status=SUCCESS method=Login.validateLoginWithPasswordAlone()[pri:1, instance:testCases.Login@793f29ff] output={null}]]]>
              </value>
            </param>
          </params>
          <reporter-output>
          </reporter-output>
        </test-method> <!-- afterMethod -->
        <test-method signature="validateLoginWithUserNameAlone()[pri:2, instance:testCases.Login@793f29ff]" started-at="2022-07-30T22:26:24 IST" name="validateLoginWithUserNameAlone" finished-at="2022-07-30T22:26:25 IST" duration-ms="763" status="PASS">
          <reporter-output>
          </reporter-output>
        </test-method> <!-- validateLoginWithUserNameAlone -->
        <test-method is-config="true" signature="beforeMethod()[pri:0, instance:testCases.Login@793f29ff]" started-at="2022-07-30T22:26:24 IST" name="beforeMethod" finished-at="2022-07-30T22:26:24 IST" duration-ms="0" status="PASS">
          <reporter-output>
          </reporter-output>
        </test-method> <!-- beforeMethod -->
        <test-method is-config="true" signature="afterMethod(org.testng.ITestResult)[pri:0, instance:testCases.Login@793f29ff]" started-at="2022-07-30T22:26:25 IST" name="afterMethod" finished-at="2022-07-30T22:26:25 IST" duration-ms="1" status="PASS">
          <params>
            <param index="0">
              <value>
                <![CDATA[[TestResult name=validateLoginWithUserNameAlone status=SUCCESS method=Login.validateLoginWithUserNameAlone()[pri:2, instance:testCases.Login@793f29ff] output={null}]]]>
              </value>
            </param>
          </params>
          <reporter-output>
          </reporter-output>
        </test-method> <!-- afterMethod -->
        <test-method is-config="true" signature="beforeMethod()[pri:0, instance:testCases.Login@793f29ff]" started-at="2022-07-30T22:26:25 IST" name="beforeMethod" finished-at="2022-07-30T22:26:25 IST" duration-ms="1" status="PASS">
          <reporter-output>
          </reporter-output>
        </test-method> <!-- beforeMethod -->
        <test-method signature="validateLoginWithCorrectUserNameAndPassword()[pri:3, instance:testCases.Login@793f29ff]" started-at="2022-07-30T22:26:25 IST" name="validateLoginWithCorrectUserNameAndPassword" finished-at="2022-07-30T22:26:27 IST" duration-ms="2320" status="PASS">
          <reporter-output>
          </reporter-output>
        </test-method> <!-- validateLoginWithCorrectUserNameAndPassword -->
        <test-method is-config="true" signature="afterMethod(org.testng.ITestResult)[pri:0, instance:testCases.Login@793f29ff]" started-at="2022-07-30T22:26:27 IST" name="afterMethod" finished-at="2022-07-30T22:26:27 IST" duration-ms="0" status="PASS">
          <params>
            <param index="0">
              <value>
                <![CDATA[[TestResult name=validateLoginWithCorrectUserNameAndPassword status=SUCCESS method=Login.validateLoginWithCorrectUserNameAndPassword()[pri:3, instance:testCases.Login@793f29ff] output={null}]]]>
              </value>
            </param>
          </params>
          <reporter-output>
          </reporter-output>
        </test-method> <!-- afterMethod -->
        <test-method is-config="true" signature="beforeMethod()[pri:0, instance:testCases.Login@793f29ff]" started-at="2022-07-30T22:26:27 IST" name="beforeMethod" finished-at="2022-07-30T22:26:27 IST" duration-ms="1" status="PASS">
          <reporter-output>
          </reporter-output>
        </test-method> <!-- beforeMethod -->
        <test-method signature="validateRememberMebuttonBeforeClick()[pri:4, instance:testCases.Login@793f29ff]" started-at="2022-07-30T22:26:27 IST" name="validateRememberMebuttonBeforeClick" finished-at="2022-07-30T22:26:27 IST" duration-ms="267" status="PASS">
          <reporter-output>
          </reporter-output>
        </test-method> <!-- validateRememberMebuttonBeforeClick -->
        <test-method is-config="true" signature="afterMethod(org.testng.ITestResult)[pri:0, instance:testCases.Login@793f29ff]" started-at="2022-07-30T22:26:27 IST" name="afterMethod" finished-at="2022-07-30T22:26:27 IST" duration-ms="2" status="PASS">
          <params>
            <param index="0">
              <value>
                <![CDATA[[TestResult name=validateRememberMebuttonBeforeClick status=SUCCESS method=Login.validateRememberMebuttonBeforeClick()[pri:4, instance:testCases.Login@793f29ff] output={null}]]]>
              </value>
            </param>
          </params>
          <reporter-output>
          </reporter-output>
        </test-method> <!-- afterMethod -->
        <test-method signature="validateRememberMebuttonAfterClick()[pri:5, instance:testCases.Login@793f29ff]" started-at="2022-07-30T22:26:27 IST" name="validateRememberMebuttonAfterClick" finished-at="2022-07-30T22:26:28 IST" duration-ms="408" status="PASS">
          <reporter-output>
          </reporter-output>
        </test-method> <!-- validateRememberMebuttonAfterClick -->
        <test-method is-config="true" signature="beforeMethod()[pri:0, instance:testCases.Login@793f29ff]" started-at="2022-07-30T22:26:27 IST" name="beforeMethod" finished-at="2022-07-30T22:26:27 IST" duration-ms="0" status="PASS">
          <reporter-output>
          </reporter-output>
        </test-method> <!-- beforeMethod -->
        <test-method is-config="true" signature="afterMethod(org.testng.ITestResult)[pri:0, instance:testCases.Login@793f29ff]" started-at="2022-07-30T22:26:28 IST" name="afterMethod" finished-at="2022-07-30T22:26:28 IST" duration-ms="2" status="PASS">
          <params>
            <param index="0">
              <value>
                <![CDATA[[TestResult name=validateRememberMebuttonAfterClick status=SUCCESS method=Login.validateRememberMebuttonAfterClick()[pri:5, instance:testCases.Login@793f29ff] output={null}]]]>
              </value>
            </param>
          </params>
          <reporter-output>
          </reporter-output>
        </test-method> <!-- afterMethod -->
        <test-method is-config="true" signature="beforeMethod()[pri:0, instance:testCases.Login@793f29ff]" started-at="2022-07-30T22:26:28 IST" name="beforeMethod" finished-at="2022-07-30T22:26:28 IST" duration-ms="8" status="PASS">
          <reporter-output>
          </reporter-output>
        </test-method> <!-- beforeMethod -->
        <test-method signature="validateLoginWithInvalidUserName()[pri:6, instance:testCases.Login@793f29ff]" started-at="2022-07-30T22:26:28 IST" name="validateLoginWithInvalidUserName" finished-at="2022-07-30T22:26:29 IST" duration-ms="1231" status="PASS">
          <reporter-output>
          </reporter-output>
        </test-method> <!-- validateLoginWithInvalidUserName -->
        <test-method signature="validateLoginWithInvalidPassword()[pri:7, instance:testCases.Login@793f29ff]" started-at="2022-07-30T22:26:29 IST" name="validateLoginWithInvalidPassword" finished-at="2022-07-30T22:26:30 IST" duration-ms="991" status="PASS">
          <reporter-output>
          </reporter-output>
        </test-method> <!-- validateLoginWithInvalidPassword -->
        <test-method is-config="true" signature="beforeMethod()[pri:0, instance:testCases.Login@793f29ff]" started-at="2022-07-30T22:26:29 IST" name="beforeMethod" finished-at="2022-07-30T22:26:29 IST" duration-ms="0" status="PASS">
          <reporter-output>
          </reporter-output>
        </test-method> <!-- beforeMethod -->
        <test-method is-config="true" signature="afterMethod(org.testng.ITestResult)[pri:0, instance:testCases.Login@793f29ff]" started-at="2022-07-30T22:26:29 IST" name="afterMethod" finished-at="2022-07-30T22:26:29 IST" duration-ms="0" status="PASS">
          <params>
            <param index="0">
              <value>
                <![CDATA[[TestResult name=validateLoginWithInvalidUserName status=SUCCESS method=Login.validateLoginWithInvalidUserName()[pri:6, instance:testCases.Login@793f29ff] output={null}]]]>
              </value>
            </param>
          </params>
          <reporter-output>
          </reporter-output>
        </test-method> <!-- afterMethod -->
        <test-method is-config="true" signature="afterMethod(org.testng.ITestResult)[pri:0, instance:testCases.Login@793f29ff]" started-at="2022-07-30T22:26:30 IST" name="afterMethod" finished-at="2022-07-30T22:26:30 IST" duration-ms="1" status="PASS">
          <params>
            <param index="0">
              <value>
                <![CDATA[[TestResult name=validateLoginWithInvalidPassword status=SUCCESS method=Login.validateLoginWithInvalidPassword()[pri:7, instance:testCases.Login@793f29ff] output={null}]]]>
              </value>
            </param>
          </params>
          <reporter-output>
          </reporter-output>
        </test-method> <!-- afterMethod -->
        <test-method is-config="true" signature="afterClass()[pri:0, instance:testCases.Login@793f29ff]" started-at="2022-07-30T22:26:30 IST" name="afterClass" finished-at="2022-07-30T22:26:30 IST" duration-ms="254" status="PASS">
          <reporter-output>
          </reporter-output>
        </test-method> <!-- afterClass -->
        <test-method is-config="true" signature="afterTest()[pri:0, instance:testCases.Login@793f29ff]" started-at="2022-07-30T22:27:09 IST" name="afterTest" finished-at="2022-07-30T22:27:09 IST" duration-ms="65" status="PASS">
          <reporter-output>
          </reporter-output>
        </test-method> <!-- afterTest -->
      </class> <!-- testCases.Login -->
      <class name="testCases.AdminUsers">
        <test-method is-config="true" signature="beforeClass(java.lang.String)[pri:0, instance:testCases.AdminUsers@235ecd9f]" started-at="2022-07-30T22:26:44 IST" name="beforeClass" finished-at="2022-07-30T22:26:47 IST" duration-ms="2493" status="PASS">
          <params>
            <param index="0">
              <value>
                <![CDATA[chrome]]>
              </value>
            </param>
          </params>
          <reporter-output>
          </reporter-output>
        </test-method> <!-- beforeClass -->
        <test-method is-config="true" signature="beforeMethod()[pri:0, instance:testCases.AdminUsers@235ecd9f]" started-at="2022-07-30T22:26:47 IST" name="beforeMethod" finished-at="2022-07-30T22:26:47 IST" duration-ms="0" status="PASS">
          <reporter-output>
          </reporter-output>
        </test-method> <!-- beforeMethod -->
        <test-method signature="validateAddNewPageOption()[pri:1, instance:testCases.AdminUsers@235ecd9f]" started-at="2022-07-30T22:26:47 IST" name="validateAddNewPageOption" finished-at="2022-07-30T22:26:50 IST" duration-ms="3872" status="PASS">
          <reporter-output>
          </reporter-output>
        </test-method> <!-- validateAddNewPageOption -->
        <test-method is-config="true" signature="afterMethod(org.testng.ITestResult)[pri:0, instance:testCases.AdminUsers@235ecd9f]" started-at="2022-07-30T22:26:50 IST" name="afterMethod" finished-at="2022-07-30T22:26:50 IST" duration-ms="1" status="PASS">
          <params>
            <param index="0">
              <value>
                <![CDATA[[TestResult name=validateAddNewPageOption status=SUCCESS method=AdminUsers.validateAddNewPageOption()[pri:1, instance:testCases.AdminUsers@235ecd9f] output={null}]]]>
              </value>
            </param>
          </params>
          <reporter-output>
          </reporter-output>
        </test-method> <!-- afterMethod -->
        <test-method signature="validateDeletePageOption()[pri:2, instance:testCases.AdminUsers@235ecd9f]" started-at="2022-07-30T22:26:50 IST" name="validateDeletePageOption" finished-at="2022-07-30T22:26:51 IST" duration-ms="552" status="PASS">
          <reporter-output>
          </reporter-output>
        </test-method> <!-- validateDeletePageOption -->
        <test-method is-config="true" signature="beforeMethod()[pri:0, instance:testCases.AdminUsers@235ecd9f]" started-at="2022-07-30T22:26:50 IST" name="beforeMethod" finished-at="2022-07-30T22:26:50 IST" duration-ms="0" status="PASS">
          <reporter-output>
          </reporter-output>
        </test-method> <!-- beforeMethod -->
        <test-method is-config="true" signature="afterMethod(org.testng.ITestResult)[pri:0, instance:testCases.AdminUsers@235ecd9f]" started-at="2022-07-30T22:26:51 IST" name="afterMethod" finished-at="2022-07-30T22:26:51 IST" duration-ms="0" status="PASS">
          <params>
            <param index="0">
              <value>
                <![CDATA[[TestResult name=validateDeletePageOption status=SUCCESS method=AdminUsers.validateDeletePageOption()[pri:2, instance:testCases.AdminUsers@235ecd9f] output={null}]]]>
              </value>
            </param>
          </params>
          <reporter-output>
          </reporter-output>
        </test-method> <!-- afterMethod -->
        <test-method is-config="true" signature="beforeMethod()[pri:0, instance:testCases.AdminUsers@235ecd9f]" started-at="2022-07-30T22:26:51 IST" name="beforeMethod" finished-at="2022-07-30T22:26:51 IST" duration-ms="2" status="PASS">
          <reporter-output>
          </reporter-output>
        </test-method> <!-- beforeMethod -->
        <test-method signature="validateLockPageButtonIsClickable()[pri:3, instance:testCases.AdminUsers@235ecd9f]" started-at="2022-07-30T22:26:51 IST" name="validateLockPageButtonIsClickable" finished-at="2022-07-30T22:26:52 IST" duration-ms="652" status="PASS">
          <reporter-output>
          </reporter-output>
        </test-method> <!-- validateLockPageButtonIsClickable -->
        <test-method is-config="true" signature="afterMethod(org.testng.ITestResult)[pri:0, instance:testCases.AdminUsers@235ecd9f]" started-at="2022-07-30T22:26:52 IST" name="afterMethod" finished-at="2022-07-30T22:26:52 IST" duration-ms="1" status="PASS">
          <params>
            <param index="0">
              <value>
                <![CDATA[[TestResult name=validateLockPageButtonIsClickable status=SUCCESS method=AdminUsers.validateLockPageButtonIsClickable()[pri:3, instance:testCases.AdminUsers@235ecd9f] output={null}]]]>
              </value>
            </param>
          </params>
          <reporter-output>
          </reporter-output>
        </test-method> <!-- afterMethod -->
        <test-method is-config="true" signature="beforeMethod()[pri:0, instance:testCases.AdminUsers@235ecd9f]" started-at="2022-07-30T22:26:52 IST" name="beforeMethod" finished-at="2022-07-30T22:26:52 IST" duration-ms="2" status="PASS">
          <reporter-output>
          </reporter-output>
        </test-method> <!-- beforeMethod -->
        <test-method signature="validateUnLockPageButtonIsClickable()[pri:4, instance:testCases.AdminUsers@235ecd9f]" started-at="2022-07-30T22:26:52 IST" name="validateUnLockPageButtonIsClickable" finished-at="2022-07-30T22:26:53 IST" duration-ms="899" status="PASS">
          <reporter-output>
          </reporter-output>
        </test-method> <!-- validateUnLockPageButtonIsClickable -->
        <test-method is-config="true" signature="afterMethod(org.testng.ITestResult)[pri:0, instance:testCases.AdminUsers@235ecd9f]" started-at="2022-07-30T22:26:53 IST" name="afterMethod" finished-at="2022-07-30T22:26:53 IST" duration-ms="3" status="PASS">
          <params>
            <param index="0">
              <value>
                <![CDATA[[TestResult name=validateUnLockPageButtonIsClickable status=SUCCESS method=AdminUsers.validateUnLockPageButtonIsClickable()[pri:4, instance:testCases.AdminUsers@235ecd9f] output={null}]]]>
              </value>
            </param>
          </params>
          <reporter-output>
          </reporter-output>
        </test-method> <!-- afterMethod -->
        <test-method signature="validateActiveButtonIsClickable()[pri:5, instance:testCases.AdminUsers@235ecd9f]" started-at="2022-07-30T22:26:53 IST" name="validateActiveButtonIsClickable" finished-at="2022-07-30T22:26:53 IST" duration-ms="898" status="PASS">
          <reporter-output>
          </reporter-output>
        </test-method> <!-- validateActiveButtonIsClickable -->
        <test-method is-config="true" signature="beforeMethod()[pri:0, instance:testCases.AdminUsers@235ecd9f]" started-at="2022-07-30T22:26:53 IST" name="beforeMethod" finished-at="2022-07-30T22:26:53 IST" duration-ms="0" status="PASS">
          <reporter-output>
          </reporter-output>
        </test-method> <!-- beforeMethod -->
        <test-method is-config="true" signature="afterMethod(org.testng.ITestResult)[pri:0, instance:testCases.AdminUsers@235ecd9f]" started-at="2022-07-30T22:26:53 IST" name="afterMethod" finished-at="2022-07-30T22:26:53 IST" duration-ms="0" status="PASS">
          <params>
            <param index="0">
              <value>
                <![CDATA[[TestResult name=validateActiveButtonIsClickable status=SUCCESS method=AdminUsers.validateActiveButtonIsClickable()[pri:5, instance:testCases.AdminUsers@235ecd9f] output={null}]]]>
              </value>
            </param>
          </params>
          <reporter-output>
          </reporter-output>
        </test-method> <!-- afterMethod -->
        <test-method is-config="true" signature="beforeMethod()[pri:0, instance:testCases.AdminUsers@235ecd9f]" started-at="2022-07-30T22:26:53 IST" name="beforeMethod" finished-at="2022-07-30T22:26:53 IST" duration-ms="2" status="PASS">
          <reporter-output>
          </reporter-output>
        </test-method> <!-- beforeMethod -->
        <test-method signature="validateInActiveButtonIsClickable()[pri:6, instance:testCases.AdminUsers@235ecd9f]" started-at="2022-07-30T22:26:53 IST" name="validateInActiveButtonIsClickable" finished-at="2022-07-30T22:26:54 IST" duration-ms="541" status="PASS">
          <reporter-output>
          </reporter-output>
        </test-method> <!-- validateInActiveButtonIsClickable -->
        <test-method is-config="true" signature="afterMethod(org.testng.ITestResult)[pri:0, instance:testCases.AdminUsers@235ecd9f]" started-at="2022-07-30T22:26:54 IST" name="afterMethod" finished-at="2022-07-30T22:26:54 IST" duration-ms="0" status="PASS">
          <params>
            <param index="0">
              <value>
                <![CDATA[[TestResult name=validateInActiveButtonIsClickable status=SUCCESS method=AdminUsers.validateInActiveButtonIsClickable()[pri:6, instance:testCases.AdminUsers@235ecd9f] output={null}]]]>
              </value>
            </param>
          </params>
          <reporter-output>
          </reporter-output>
        </test-method> <!-- afterMethod -->
        <test-method is-config="true" signature="afterClass()[pri:0, instance:testCases.AdminUsers@235ecd9f]" started-at="2022-07-30T22:26:54 IST" name="afterClass" finished-at="2022-07-30T22:26:54 IST" duration-ms="240" status="PASS">
          <reporter-output>
          </reporter-output>
        </test-method> <!-- afterClass -->
      </class> <!-- testCases.AdminUsers -->
    </test> <!-- ChromeTest -->
  </suite> <!-- Suite -->
</testng-results>
