<?xml version="1.0" encoding="UTF-8"?>
<testng-results ignored="4" total="12" passed="8" failed="0" skipped="0">
  <reporter-output>
  </reporter-output>
  <suite started-at="2022-07-25T07:55:34 IST" name="Suite" finished-at="2022-07-25T07:55:53 IST" duration-ms="18855">
    <groups>
    </groups>
    <test started-at="2022-07-25T07:55:34 IST" name="ChromeTest" finished-at="2022-07-25T07:55:53 IST" duration-ms="18855">
      <class name="testCases.ManagePages">
        <test-method is-config="true" signature="beforeClass(java.lang.String)[pri:0, instance:testCases.ManagePages@6e6f2380]" started-at="2022-07-25T07:55:44 IST" name="beforeClass" finished-at="2022-07-25T07:55:46 IST" duration-ms="2524" status="PASS">
          <params>
            <param index="0">
              <value>
                <![CDATA[chrome]]>
              </value>
            </param>
          </params>
          <reporter-output>
          </reporter-output>
        </test-method> <!-- beforeClass -->
        <test-method is-config="true" signature="beforeMethod()[pri:0, instance:testCases.ManagePages@6e6f2380]" started-at="2022-07-25T07:55:46 IST" name="beforeMethod" finished-at="2022-07-25T07:55:46 IST" duration-ms="1" status="PASS">
          <reporter-output>
          </reporter-output>
        </test-method> <!-- beforeMethod -->
        <test-method signature="validateManagePagesSearchOptionWithPageName()[pri:0, instance:testCases.ManagePages@6e6f2380]" started-at="2022-07-25T07:55:46 IST" name="validateManagePagesSearchOptionWithPageName" finished-at="2022-07-25T07:55:49 IST" duration-ms="2571" status="PASS">
          <reporter-output>
          </reporter-output>
        </test-method> <!-- validateManagePagesSearchOptionWithPageName -->
        <test-method is-config="true" signature="afterClass()[pri:0, instance:testCases.ManagePages@6e6f2380]" started-at="2022-07-25T07:55:49 IST" name="afterClass" finished-at="2022-07-25T07:55:49 IST" duration-ms="205" status="PASS">
          <reporter-output>
          </reporter-output>
        </test-method> <!-- afterClass -->
        <test-method is-config="true" signature="afterMethod(org.testng.ITestResult)[pri:0, instance:testCases.ManagePages@6e6f2380]" started-at="2022-07-25T07:55:49 IST" name="afterMethod" finished-at="2022-07-25T07:55:49 IST" duration-ms="0" status="PASS">
          <params>
            <param index="0">
              <value>
                <![CDATA[[TestResult name=validateManagePagesSearchOptionWithPageName status=SUCCESS method=ManagePages.validateManagePagesSearchOptionWithPageName()[pri:0, instance:testCases.ManagePages@6e6f2380] output={null}]]]>
              </value>
            </param>
          </params>
          <reporter-output>
          </reporter-output>
        </test-method> <!-- afterMethod -->
      </class> <!-- testCases.ManagePages -->
      <class name="testCases.Login">
        <test-method is-config="true" signature="beforeTest()[pri:0, instance:testCases.Login@f78a47e]" started-at="2022-07-25T07:55:34 IST" name="beforeTest" finished-at="2022-07-25T07:55:34 IST" duration-ms="13" status="PASS">
          <reporter-output>
          </reporter-output>
        </test-method> <!-- beforeTest -->
        <test-method is-config="true" signature="beforeClass(java.lang.String)[pri:0, instance:testCases.Login@f78a47e]" started-at="2022-07-25T07:55:34 IST" name="beforeClass" finished-at="2022-07-25T07:55:38 IST" duration-ms="4042" status="PASS">
          <params>
            <param index="0">
              <value>
                <![CDATA[chrome]]>
              </value>
            </param>
          </params>
          <reporter-output>
          </reporter-output>
        </test-method> <!-- beforeClass -->
        <test-method is-config="true" signature="beforeMethod()[pri:0, instance:testCases.Login@f78a47e]" started-at="2022-07-25T07:55:38 IST" name="beforeMethod" finished-at="2022-07-25T07:55:38 IST" duration-ms="1" status="PASS">
          <reporter-output>
          </reporter-output>
        </test-method> <!-- beforeMethod -->
        <test-method signature="validateLoginWithPasswordAlone()[pri:1, instance:testCases.Login@f78a47e]" started-at="2022-07-25T07:55:38 IST" name="validateLoginWithPasswordAlone" finished-at="2022-07-25T07:55:39 IST" duration-ms="963" status="PASS">
          <reporter-output>
          </reporter-output>
        </test-method> <!-- validateLoginWithPasswordAlone -->
        <test-method is-config="true" signature="afterMethod(org.testng.ITestResult)[pri:0, instance:testCases.Login@f78a47e]" started-at="2022-07-25T07:55:39 IST" name="afterMethod" finished-at="2022-07-25T07:55:39 IST" duration-ms="2" status="PASS">
          <params>
            <param index="0">
              <value>
                <![CDATA[[TestResult name=validateLoginWithPasswordAlone status=SUCCESS method=Login.validateLoginWithPasswordAlone()[pri:1, instance:testCases.Login@f78a47e] output={null}]]]>
              </value>
            </param>
          </params>
          <reporter-output>
          </reporter-output>
        </test-method> <!-- afterMethod -->
        <test-method signature="validateLoginWithUserNameAlone()[pri:2, instance:testCases.Login@f78a47e]" started-at="2022-07-25T07:55:39 IST" name="validateLoginWithUserNameAlone" finished-at="2022-07-25T07:55:40 IST" duration-ms="679" status="PASS">
          <reporter-output>
          </reporter-output>
        </test-method> <!-- validateLoginWithUserNameAlone -->
        <test-method is-config="true" signature="beforeMethod()[pri:0, instance:testCases.Login@f78a47e]" started-at="2022-07-25T07:55:39 IST" name="beforeMethod" finished-at="2022-07-25T07:55:39 IST" duration-ms="0" status="PASS">
          <reporter-output>
          </reporter-output>
        </test-method> <!-- beforeMethod -->
        <test-method is-config="true" signature="afterMethod(org.testng.ITestResult)[pri:0, instance:testCases.Login@f78a47e]" started-at="2022-07-25T07:55:40 IST" name="afterMethod" finished-at="2022-07-25T07:55:40 IST" duration-ms="1" status="PASS">
          <params>
            <param index="0">
              <value>
                <![CDATA[[TestResult name=validateLoginWithUserNameAlone status=SUCCESS method=Login.validateLoginWithUserNameAlone()[pri:2, instance:testCases.Login@f78a47e] output={null}]]]>
              </value>
            </param>
          </params>
          <reporter-output>
          </reporter-output>
        </test-method> <!-- afterMethod -->
        <test-method is-config="true" signature="beforeMethod()[pri:0, instance:testCases.Login@f78a47e]" started-at="2022-07-25T07:55:40 IST" name="beforeMethod" finished-at="2022-07-25T07:55:40 IST" duration-ms="1" status="PASS">
          <reporter-output>
          </reporter-output>
        </test-method> <!-- beforeMethod -->
        <test-method signature="validateLoginWithCorrectUserNameAndPassword()[pri:3, instance:testCases.Login@f78a47e]" started-at="2022-07-25T07:55:40 IST" name="validateLoginWithCorrectUserNameAndPassword" finished-at="2022-07-25T07:55:42 IST" duration-ms="2155" status="PASS">
          <reporter-output>
          </reporter-output>
        </test-method> <!-- validateLoginWithCorrectUserNameAndPassword -->
        <test-method is-config="true" signature="afterMethod(org.testng.ITestResult)[pri:0, instance:testCases.Login@f78a47e]" started-at="2022-07-25T07:55:42 IST" name="afterMethod" finished-at="2022-07-25T07:55:42 IST" duration-ms="1" status="PASS">
          <params>
            <param index="0">
              <value>
                <![CDATA[[TestResult name=validateLoginWithCorrectUserNameAndPassword status=SUCCESS method=Login.validateLoginWithCorrectUserNameAndPassword()[pri:3, instance:testCases.Login@f78a47e] output={null}]]]>
              </value>
            </param>
          </params>
          <reporter-output>
          </reporter-output>
        </test-method> <!-- afterMethod -->
        <test-method is-config="true" signature="beforeMethod()[pri:0, instance:testCases.Login@f78a47e]" started-at="2022-07-25T07:55:42 IST" name="beforeMethod" finished-at="2022-07-25T07:55:42 IST" duration-ms="0" status="PASS">
          <reporter-output>
          </reporter-output>
        </test-method> <!-- beforeMethod -->
        <test-method signature="validateRememberMebuttonBeforeClick()[pri:4, instance:testCases.Login@f78a47e]" started-at="2022-07-25T07:55:42 IST" name="validateRememberMebuttonBeforeClick" finished-at="2022-07-25T07:55:42 IST" duration-ms="184" status="PASS">
          <reporter-output>
          </reporter-output>
        </test-method> <!-- validateRememberMebuttonBeforeClick -->
        <test-method is-config="true" signature="afterMethod(org.testng.ITestResult)[pri:0, instance:testCases.Login@f78a47e]" started-at="2022-07-25T07:55:42 IST" name="afterMethod" finished-at="2022-07-25T07:55:42 IST" duration-ms="1" status="PASS">
          <params>
            <param index="0">
              <value>
                <![CDATA[[TestResult name=validateRememberMebuttonBeforeClick status=SUCCESS method=Login.validateRememberMebuttonBeforeClick()[pri:4, instance:testCases.Login@f78a47e] output={null}]]]>
              </value>
            </param>
          </params>
          <reporter-output>
          </reporter-output>
        </test-method> <!-- afterMethod -->
        <test-method signature="validateRememberMebuttonAfterClick()[pri:5, instance:testCases.Login@f78a47e]" started-at="2022-07-25T07:55:42 IST" name="validateRememberMebuttonAfterClick" finished-at="2022-07-25T07:55:43 IST" duration-ms="200" status="PASS">
          <reporter-output>
          </reporter-output>
        </test-method> <!-- validateRememberMebuttonAfterClick -->
        <test-method is-config="true" signature="beforeMethod()[pri:0, instance:testCases.Login@f78a47e]" started-at="2022-07-25T07:55:42 IST" name="beforeMethod" finished-at="2022-07-25T07:55:42 IST" duration-ms="0" status="PASS">
          <reporter-output>
          </reporter-output>
        </test-method> <!-- beforeMethod -->
        <test-method is-config="true" signature="afterMethod(org.testng.ITestResult)[pri:0, instance:testCases.Login@f78a47e]" started-at="2022-07-25T07:55:43 IST" name="afterMethod" finished-at="2022-07-25T07:55:43 IST" duration-ms="1" status="PASS">
          <params>
            <param index="0">
              <value>
                <![CDATA[[TestResult name=validateRememberMebuttonAfterClick status=SUCCESS method=Login.validateRememberMebuttonAfterClick()[pri:5, instance:testCases.Login@f78a47e] output={null}]]]>
              </value>
            </param>
          </params>
          <reporter-output>
          </reporter-output>
        </test-method> <!-- afterMethod -->
        <test-method is-config="true" signature="beforeMethod()[pri:0, instance:testCases.Login@f78a47e]" started-at="2022-07-25T07:55:43 IST" name="beforeMethod" finished-at="2022-07-25T07:55:43 IST" duration-ms="0" status="PASS">
          <reporter-output>
          </reporter-output>
        </test-method> <!-- beforeMethod -->
        <test-method signature="ValidateLoginWithInvalidUserNameAndPassword()[pri:6, instance:testCases.Login@f78a47e]" started-at="2022-07-25T07:55:43 IST" name="ValidateLoginWithInvalidUserNameAndPassword" finished-at="2022-07-25T07:55:44 IST" duration-ms="819" status="PASS">
          <reporter-output>
          </reporter-output>
        </test-method> <!-- ValidateLoginWithInvalidUserNameAndPassword -->
        <test-method is-config="true" signature="afterMethod(org.testng.ITestResult)[pri:0, instance:testCases.Login@f78a47e]" started-at="2022-07-25T07:55:44 IST" name="afterMethod" finished-at="2022-07-25T07:55:44 IST" duration-ms="1" status="PASS">
          <params>
            <param index="0">
              <value>
                <![CDATA[[TestResult name=ValidateLoginWithInvalidUserNameAndPassword status=SUCCESS method=Login.ValidateLoginWithInvalidUserNameAndPassword()[pri:6, instance:testCases.Login@f78a47e] output={null}]]]>
              </value>
            </param>
          </params>
          <reporter-output>
          </reporter-output>
        </test-method> <!-- afterMethod -->
        <test-method is-config="true" signature="afterClass()[pri:0, instance:testCases.Login@f78a47e]" started-at="2022-07-25T07:55:44 IST" name="afterClass" finished-at="2022-07-25T07:55:44 IST" duration-ms="282" status="PASS">
          <reporter-output>
          </reporter-output>
        </test-method> <!-- afterClass -->
        <test-method is-config="true" signature="afterTest()[pri:0, instance:testCases.Login@f78a47e]" started-at="2022-07-25T07:55:53 IST" name="afterTest" finished-at="2022-07-25T07:55:53 IST" duration-ms="99" status="PASS">
          <reporter-output>
          </reporter-output>
        </test-method> <!-- afterTest -->
      </class> <!-- testCases.Login -->
      <class name="testCases.AdminUsers">
        <test-method is-config="true" signature="beforeClass(java.lang.String)[pri:0, instance:testCases.AdminUsers@76a4ebf2]" started-at="2022-07-25T07:55:49 IST" name="beforeClass" finished-at="2022-07-25T07:55:51 IST" duration-ms="2113" status="PASS">
          <params>
            <param index="0">
              <value>
                <![CDATA[chrome]]>
              </value>
            </param>
          </params>
          <reporter-output>
          </reporter-output>
        </test-method> <!-- beforeClass -->
        <test-method is-config="true" signature="beforeMethod()[pri:0, instance:testCases.AdminUsers@76a4ebf2]" started-at="2022-07-25T07:55:51 IST" name="beforeMethod" finished-at="2022-07-25T07:55:51 IST" duration-ms="1" status="PASS">
          <reporter-output>
          </reporter-output>
        </test-method> <!-- beforeMethod -->
        <test-method signature="validateNewOption()[pri:0, instance:testCases.AdminUsers@76a4ebf2]" started-at="2022-07-25T07:55:51 IST" name="validateNewOption" finished-at="2022-07-25T07:55:53 IST" duration-ms="1684" status="PASS">
          <reporter-output>
          </reporter-output>
        </test-method> <!-- validateNewOption -->
        <test-method is-config="true" signature="afterMethod(org.testng.ITestResult)[pri:0, instance:testCases.AdminUsers@76a4ebf2]" started-at="2022-07-25T07:55:53 IST" name="afterMethod" finished-at="2022-07-25T07:55:53 IST" duration-ms="1" status="PASS">
          <params>
            <param index="0">
              <value>
                <![CDATA[[TestResult name=validateNewOption status=SUCCESS method=AdminUsers.validateNewOption()[pri:0, instance:testCases.AdminUsers@76a4ebf2] output={null}]]]>
              </value>
            </param>
          </params>
          <reporter-output>
          </reporter-output>
        </test-method> <!-- afterMethod -->
        <test-method is-config="true" signature="afterClass()[pri:0, instance:testCases.AdminUsers@76a4ebf2]" started-at="2022-07-25T07:55:53 IST" name="afterClass" finished-at="2022-07-25T07:55:53 IST" duration-ms="239" status="PASS">
          <reporter-output>
          </reporter-output>
        </test-method> <!-- afterClass -->
      </class> <!-- testCases.AdminUsers -->
    </test> <!-- ChromeTest -->
  </suite> <!-- Suite -->
</testng-results>
