<?xml version="1.0" encoding="UTF-8"?>
<testng-results ignored="0" total="1" passed="1" failed="0" skipped="0">
  <reporter-output>
  </reporter-output>
  <suite started-at="2022-07-27T22:22:42 IST" name="Default suite" finished-at="2022-07-27T22:22:48 IST" duration-ms="5233">
    <groups>
    </groups>
    <test started-at="2022-07-27T22:22:42 IST" name="Default test" finished-at="2022-07-27T22:22:48 IST" duration-ms="5233">
      <class name="TestNG_sessions.Project">
        <test-method is-config="true" signature="beforeTest()[pri:0, instance:TestNG_sessions.Project@2892d68]" started-at="2022-07-27T22:22:42 IST" name="beforeTest" finished-at="2022-07-27T22:22:46 IST" duration-ms="3536" status="PASS">
          <reporter-output>
          </reporter-output>
        </test-method> <!-- beforeTest -->
        <test-method signature="test()[pri:0, instance:TestNG_sessions.Project@2892d68]" started-at="2022-07-27T22:22:46 IST" name="test" finished-at="2022-07-27T22:22:48 IST" duration-ms="1650" status="PASS">
          <reporter-output>
          </reporter-output>
        </test-method> <!-- test -->
        <test-method is-config="true" signature="afterTest()[pri:0, instance:TestNG_sessions.Project@2892d68]" started-at="2022-07-27T22:22:48 IST" name="afterTest" finished-at="2022-07-27T22:22:48 IST" duration-ms="0" status="PASS">
          <reporter-output>
          </reporter-output>
        </test-method> <!-- afterTest -->
      </class> <!-- TestNG_sessions.Project -->
    </test> <!-- Default test -->
  </suite> <!-- Default suite -->
</testng-results>
